






Started logging.
06:48:20.531472 Language server launched with arguments:
06:48:20.536371   arg[0] = c:\Program Files\Arduino IDE\resources\app\lib\backend\resources\arduino-language-server.exe
06:48:20.536371   arg[1] = -clangd
06:48:20.536371   arg[2] = c:\Program Files\Arduino IDE\resources\app\lib\backend\resources\clangd.exe
06:48:20.536371   arg[3] = -cli-daemon-addr
06:48:20.536371   arg[4] = localhost:50059
06:48:20.536371   arg[5] = -cli-daemon-instance
06:48:20.536371   arg[6] = 1
06:48:20.536371   arg[7] = -fqbn
06:48:20.536371   arg[8] = esp32:esp32:esp32:UploadSpeed=921600,CPUFreq=240,FlashFreq=80,FlashMode=qio,FlashSize=4M,PartitionScheme=min_spiffs,DebugLevel=none,PSRAM=enabled,LoopCore=1,EventsCore=1,EraseFlash=none,JTAGAdapter=default
06:48:20.544822   arg[9] = -skip-libraries-discovery-on-rebuild
06:48:20.544822   arg[10] = -board-name
06:48:20.545345   arg[11] = "ESP32 Dev Module"
06:48:20.545345   arg[12] = -no-real-time-diagnostics
06:48:20.545345   arg[13] = -log
06:48:20.545345   arg[14] = -logpath
06:48:20.545345   arg[15] = c:\Users\User\OneDrive - @JMTS\0 - PROYECTOS EN CURSO\TFT Esp32\TFT\Reloj_Temperatura_Humedad_BaseDatos_OTA_imagen\Calendario_Temperatura_Humedad_TFT
06:48:20.547273 logging to c:\Users\User\OneDrive - @JMTS\0 - PROYECTOS EN CURSO\TFT Esp32\TFT\Reloj_Temperatura_Humedad_BaseDatos_OTA_imagen\Calendario_Temperatura_Humedad_TFT\inols.log
06:48:20.667562 [97mLS: : Initial board configuration: esp32:esp32:esp32:UploadSpeed=921600,CPUFreq=240,FlashFreq=80,FlashMode=qio,FlashSize=4M,PartitionScheme=min_spiffs,DebugLevel=none,PSRAM=enabled,LoopCore=1,EventsCore=1,EraseFlash=none,JTAGAdapter=default[0m
06:48:20.667562 [97mLS: : arduino-language-server.exe Version: 0.7.4 Commit: d620b0b Date: 2023-01-11T15:42:52Z[0m
06:48:20.667562 [97mLS: : Language server build path: C:\Users\User\AppData\Local\Temp\arduino-language-server1636384470[0m
06:48:20.667562 [97mLS: : Language server build sketch root: C:\Users\User\AppData\Local\Temp\arduino-language-server1636384470\sketch[0m
06:48:20.667562 [97mLS: : Language server FULL build path: C:\Users\User\AppData\Local\Temp\arduino-language-server804764323[0m
06:48:20.674859 IN Elapsed: 262µs
06:48:21.018419 [92mIDE --> LS REQU initialize 0[0m
06:48:21.551846 [92m                initialize 0: [93mwrite-locked[0m[0m
06:48:21.563710 [92m                initialize 0: [93mwrite-unlocked[0m[0m
06:48:21.609102 [92m                initialize 0: initialization parameters: {"capabilities":{"textDocumentSync":{"openClose":true,"change":2,"save":{"includeText":true}},"completionProvider":{"triggerCharacters":[".","\u003c","\u003e",":","\"","/"],"allCommitCharacters":[" ","\t","(",")","[","]","{","}","\u003c","\u003e",":",";",",","+","-","/","*","%","^","\u0026","#","?",".","=","\"","'","|"],"completionItem":{}},"hoverProvider":{},"signatureHelpProvider":{"triggerCharacters":["(",","]},"definitionProvider":{},"documentHighlightProvider":{},"documentSymbolProvider":{},"codeActionProvider":{"codeActionKinds":["quickfix","refactor","info"]},"documentFormattingProvider":{},"documentRangeFormattingProvider":{},"documentOnTypeFormattingProvider":{"firstTriggerCharacter":"\n"},"renameProvider":{},"executeCommandProvider":{"commands":["clangd.applyFix","clangd.applyTweak"]},"workspaceSymbolProvider":{}},"serverInfo":{"name":"arduino-language-server","version":"0.7.4"}}[0m
06:48:21.622232 [32mIDE <-- LS RESP initialize 0[0m
06:48:21.630107 OUT Elapsed: 1.8746ms
06:48:21.687867 IN Elapsed: 57.7608ms
06:48:21.687867 [92mIDE --> LS NOTIF initialized[0m
06:48:21.687867 [92m                 initialized: Notification is not propagated to clangd[0m
06:48:21.687867 IN Elapsed: 0s
06:48:21.688868 [92mIDE --> LS NOTIF textDocument/didOpen[0m
06:48:21.757387 [96mINIT --- : initializing workbench: file:///c%3A/Users/User/OneDrive%20-%20%40JMTS/0%20-%20PROYECTOS%20EN%20CURSO/TFT%20Esp32/TFT/Reloj_Temperatura_Humedad_BaseDatos_OTA_imagen/Calendario_Temperatura_Humedad_TFT[0m
06:48:21.757387 [96mINIT --- : [93mread-locked[0m[0m
06:48:21.757387 [96mINIT --- : [93mread-unlocked[0m[0m
06:48:22.097070 [92m                 textDocument/didOpen: [93mwrite-locked[0m[0m
06:48:22.097070 [92m                 textDocument/didOpen: (throttled: waiting for clangd)[0m
06:48:22.097070 [92m                 textDocument/didOpen: [93munlocked (waiting clangd)[0m[0m
06:48:22.293343 [96mINIT --- : Running build with: {
  "instance": {
    "id": 1
  },
  "fqbn": "esp32:esp32:esp32:UploadSpeed=921600,CPUFreq=240,FlashFreq=80,FlashMode=qio,FlashSize=4M,PartitionScheme=min_spiffs,DebugLevel=none,PSRAM=enabled,LoopCore=1,EventsCore=1,EraseFlash=none,JTAGAdapter=default",
  "sketch_path": "C:\\Users\\User\\OneDrive - @JMTS\\0 - PROYECTOS EN CURSO\\TFT Esp32\\TFT\\Reloj_Temperatura_Humedad_BaseDatos_OTA_imagen\\Calendario_Temperatura_Humedad_TFT",
  "build_path": "C:\\Users\\User\\AppData\\Local\\Temp\\arduino-language-server804764323",
  "verbose": true,
  "create_compilation_database_only": true
}[0m







Started logging.
07:08:50.800520 Language server launched with arguments:
07:08:50.800520   arg[0] = c:\Program Files\Arduino IDE\resources\app\lib\backend\resources\arduino-language-server.exe
07:08:50.800520   arg[1] = -clangd
07:08:50.800520   arg[2] = c:\Program Files\Arduino IDE\resources\app\lib\backend\resources\clangd.exe
07:08:50.800520   arg[3] = -cli-daemon-addr
07:08:50.800520   arg[4] = localhost:50059
07:08:50.800520   arg[5] = -cli-daemon-instance
07:08:50.800520   arg[6] = 1
07:08:50.800520   arg[7] = -fqbn
07:08:50.800520   arg[8] = esp32:esp32:esp32:UploadSpeed=921600,CPUFreq=240,FlashFreq=80,FlashMode=qio,FlashSize=4M,PartitionScheme=min_spiffs,DebugLevel=none,PSRAM=enabled,LoopCore=1,EventsCore=1,EraseFlash=none,JTAGAdapter=default
07:08:50.800520   arg[9] = -skip-libraries-discovery-on-rebuild
07:08:50.800520   arg[10] = -board-name
07:08:50.800520   arg[11] = "ESP32 Dev Module"
07:08:50.800520   arg[12] = -no-real-time-diagnostics
07:08:50.800520   arg[13] = -log
07:08:50.800520   arg[14] = -logpath
07:08:50.800520   arg[15] = c:\Users\User\OneDrive - @JMTS\0 - PROYECTOS EN CURSO\TFT Esp32\TFT\Reloj_Temperatura_Humedad_BaseDatos_OTA_imagen\Calendario_Temperatura_Humedad_TFT
07:08:50.819826 logging to c:\Users\User\OneDrive - @JMTS\0 - PROYECTOS EN CURSO\TFT Esp32\TFT\Reloj_Temperatura_Humedad_BaseDatos_OTA_imagen\Calendario_Temperatura_Humedad_TFT\inols.log
07:08:50.820335 [97mLS: : Initial board configuration: esp32:esp32:esp32:UploadSpeed=921600,CPUFreq=240,FlashFreq=80,FlashMode=qio,FlashSize=4M,PartitionScheme=min_spiffs,DebugLevel=none,PSRAM=enabled,LoopCore=1,EventsCore=1,EraseFlash=none,JTAGAdapter=default[0m
07:08:50.820335 [97mLS: : arduino-language-server.exe Version: 0.7.4 Commit: d620b0b Date: 2023-01-11T15:42:52Z[0m
07:08:50.820335 [97mLS: : Language server build path: C:\Users\User\AppData\Local\Temp\arduino-language-server539757707[0m
07:08:50.820335 [97mLS: : Language server build sketch root: C:\Users\User\AppData\Local\Temp\arduino-language-server539757707\sketch[0m
07:08:50.820335 [97mLS: : Language server FULL build path: C:\Users\User\AppData\Local\Temp\arduino-language-server4150402993[0m
07:08:50.828799 IN Elapsed: 0s
07:08:50.829307 [92mIDE --> LS REQU initialize 0[0m
07:08:50.829307 [92m                initialize 0: [93mwrite-locked[0m[0m
07:08:50.831814 [92m                initialize 0: [93mwrite-unlocked[0m[0m
07:08:50.831814 [92m                initialize 0: initialization parameters: {"capabilities":{"textDocumentSync":{"openClose":true,"change":2,"save":{"includeText":true}},"completionProvider":{"triggerCharacters":[".","\u003c","\u003e",":","\"","/"],"allCommitCharacters":[" ","\t","(",")","[","]","{","}","\u003c","\u003e",":",";",",","+","-","/","*","%","^","\u0026","#","?",".","=","\"","'","|"],"completionItem":{}},"hoverProvider":{},"signatureHelpProvider":{"triggerCharacters":["(",","]},"definitionProvider":{},"documentHighlightProvider":{},"documentSymbolProvider":{},"codeActionProvider":{"codeActionKinds":["quickfix","refactor","info"]},"documentFormattingProvider":{},"documentRangeFormattingProvider":{},"documentOnTypeFormattingProvider":{"firstTriggerCharacter":"\n"},"renameProvider":{},"executeCommandProvider":{"commands":["clangd.applyFix","clangd.applyTweak"]},"workspaceSymbolProvider":{}},"serverInfo":{"name":"arduino-language-server","version":"0.7.4"}}[0m
07:08:50.831814 [32mIDE <-- LS RESP initialize 0[0m
07:08:50.831814 OUT Elapsed: 0s
07:08:50.840914 [96mINIT --- : initializing workbench: file:///c%3A/Users/User/OneDrive%20-%20%40JMTS/0%20-%20PROYECTOS%20EN%20CURSO/TFT%20Esp32/TFT/Reloj_Temperatura_Humedad_BaseDatos_OTA_imagen/Calendario_Temperatura_Humedad_TFT[0m
07:08:50.840914 [96mINIT --- : [93mread-locked[0m[0m
07:08:50.840914 [96mINIT --- : [93mread-unlocked[0m[0m
07:08:50.853177 IN Elapsed: 21.3629ms
07:08:50.853177 [92mIDE --> LS NOTIF initialized[0m
07:08:50.853687 [92m                 initialized: Notification is not propagated to clangd[0m
07:08:50.853687 IN Elapsed: 0s
07:08:50.853687 [92mIDE --> LS NOTIF textDocument/didOpen[0m
07:08:50.853687 [92m                 textDocument/didOpen: [93mwrite-locked[0m[0m
07:08:50.853687 [92m                 textDocument/didOpen: (throttled: waiting for clangd)[0m
07:08:50.853687 [92m                 textDocument/didOpen: [93munlocked (waiting clangd)[0m[0m
07:08:50.879018 listen tcp 127.0.0.1:6060: bind: Only one usage of each socket address (protocol/network address/port) is normally permitted.
07:08:51.207934 [96mINIT --- : Running build with: {
  "instance": {
    "id": 1
  },
  "fqbn": "esp32:esp32:esp32:UploadSpeed=921600,CPUFreq=240,FlashFreq=80,FlashMode=qio,FlashSize=4M,PartitionScheme=min_spiffs,DebugLevel=none,PSRAM=enabled,LoopCore=1,EventsCore=1,EraseFlash=none,JTAGAdapter=default",
  "sketch_path": "C:\\Users\\User\\OneDrive - @JMTS\\0 - PROYECTOS EN CURSO\\TFT Esp32\\TFT\\Reloj_Temperatura_Humedad_BaseDatos_OTA_imagen\\Calendario_Temperatura_Humedad_TFT",
  "build_path": "C:\\Users\\User\\AppData\\Local\\Temp\\arduino-language-server4150402993",
  "verbose": true,
  "create_compilation_database_only": true
}[0m







Started logging.
08:57:45.475896 Language server launched with arguments:
08:57:45.519673   arg[0] = c:\Program Files\Arduino IDE\resources\app\lib\backend\resources\arduino-language-server.exe
08:57:45.519673   arg[1] = -clangd
08:57:45.519673   arg[2] = c:\Program Files\Arduino IDE\resources\app\lib\backend\resources\clangd.exe
08:57:45.519673   arg[3] = -cli-daemon-addr
08:57:45.519673   arg[4] = localhost:51541
08:57:45.519673   arg[5] = -cli-daemon-instance
08:57:45.519673   arg[6] = 1
08:57:45.519673   arg[7] = -fqbn
08:57:45.519673   arg[8] = esp32:esp32:esp32:UploadSpeed=921600,CPUFreq=240,FlashFreq=80,FlashMode=qio,FlashSize=4M,PartitionScheme=min_spiffs,DebugLevel=none,PSRAM=enabled,LoopCore=1,EventsCore=1,EraseFlash=none,JTAGAdapter=default
08:57:45.519673   arg[9] = -skip-libraries-discovery-on-rebuild
08:57:45.519673   arg[10] = -board-name
08:57:45.519673   arg[11] = "ESP32 Dev Module"
08:57:45.519673   arg[12] = -no-real-time-diagnostics
08:57:45.519673   arg[13] = -log
08:57:45.519673   arg[14] = -logpath
08:57:45.519673   arg[15] = c:\Users\User\OneDrive - @JMTS\0 - PROYECTOS EN CURSO\TFT Esp32\TFT\Reloj_Temperatura_Humedad_BaseDatos_OTA_imagen\Calendario_Temperatura_Humedad_TFT
08:57:45.524941 logging to c:\Users\User\OneDrive - @JMTS\0 - PROYECTOS EN CURSO\TFT Esp32\TFT\Reloj_Temperatura_Humedad_BaseDatos_OTA_imagen\Calendario_Temperatura_Humedad_TFT\inols.log
08:57:45.535363 [97mLS: : Initial board configuration: esp32:esp32:esp32:UploadSpeed=921600,CPUFreq=240,FlashFreq=80,FlashMode=qio,FlashSize=4M,PartitionScheme=min_spiffs,DebugLevel=none,PSRAM=enabled,LoopCore=1,EventsCore=1,EraseFlash=none,JTAGAdapter=default[0m
08:57:45.535915 [97mLS: : arduino-language-server.exe Version: 0.7.4 Commit: d620b0b Date: 2023-01-11T15:42:52Z[0m
08:57:45.539154 [97mLS: : Language server build path: C:\Users\User\AppData\Local\Temp\arduino-language-server2024823998[0m
08:57:45.539499 [97mLS: : Language server build sketch root: C:\Users\User\AppData\Local\Temp\arduino-language-server2024823998\sketch[0m
08:57:45.539499 [97mLS: : Language server FULL build path: C:\Users\User\AppData\Local\Temp\arduino-language-server596288621[0m
08:57:45.893361 IN Elapsed: 82.7203ms
08:57:46.452185 [92mIDE --> LS REQU initialize 0[0m
08:57:46.563123 [92m                initialize 0: [93mwrite-locked[0m[0m
08:57:46.565133 [92m                initialize 0: [93mwrite-unlocked[0m[0m
08:57:46.575790 [92m                initialize 0: initialization parameters: {"capabilities":{"textDocumentSync":{"openClose":true,"change":2,"save":{"includeText":true}},"completionProvider":{"triggerCharacters":[".","\u003c","\u003e",":","\"","/"],"allCommitCharacters":[" ","\t","(",")","[","]","{","}","\u003c","\u003e",":",";",",","+","-","/","*","%","^","\u0026","#","?",".","=","\"","'","|"],"completionItem":{}},"hoverProvider":{},"signatureHelpProvider":{"triggerCharacters":["(",","]},"definitionProvider":{},"documentHighlightProvider":{},"documentSymbolProvider":{},"codeActionProvider":{"codeActionKinds":["quickfix","refactor","info"]},"documentFormattingProvider":{},"documentRangeFormattingProvider":{},"documentOnTypeFormattingProvider":{"firstTriggerCharacter":"\n"},"renameProvider":{},"executeCommandProvider":{"commands":["clangd.applyFix","clangd.applyTweak"]},"workspaceSymbolProvider":{}},"serverInfo":{"name":"arduino-language-server","version":"0.7.4"}}[0m
08:57:46.575790 [32mIDE <-- LS RESP initialize 0[0m
08:57:46.575790 OUT Elapsed: 0s
08:57:46.635474 IN Elapsed: 59.6833ms
08:57:46.635474 [92mIDE --> LS NOTIF initialized[0m
08:57:46.635474 [92m                 initialized: Notification is not propagated to clangd[0m
08:57:46.635474 IN Elapsed: 0s
08:57:46.636474 [92mIDE --> LS NOTIF textDocument/didOpen[0m
08:57:46.667865 [92m                 textDocument/didOpen: [93mwrite-locked[0m[0m
08:57:46.667865 [92m                 textDocument/didOpen: (throttled: waiting for clangd)[0m
08:57:46.667865 [92m                 textDocument/didOpen: [93munlocked (waiting clangd)[0m[0m
08:57:46.866280 [96mINIT --- : initializing workbench: file:///c%3A/Users/User/OneDrive%20-%20%40JMTS/0%20-%20PROYECTOS%20EN%20CURSO/TFT%20Esp32/TFT/Reloj_Temperatura_Humedad_BaseDatos_OTA_imagen/Calendario_Temperatura_Humedad_TFT[0m
08:57:46.866280 [96mINIT --- : [93mread-locked[0m[0m
08:57:46.866280 [96mINIT --- : [93mread-unlocked[0m[0m
08:57:47.392078 [96mINIT --- : Running build with: {
  "instance": {
    "id": 1
  },
  "fqbn": "esp32:esp32:esp32:UploadSpeed=921600,CPUFreq=240,FlashFreq=80,FlashMode=qio,FlashSize=4M,PartitionScheme=min_spiffs,DebugLevel=none,PSRAM=enabled,LoopCore=1,EventsCore=1,EraseFlash=none,JTAGAdapter=default",
  "sketch_path": "C:\\Users\\User\\OneDrive - @JMTS\\0 - PROYECTOS EN CURSO\\TFT Esp32\\TFT\\Reloj_Temperatura_Humedad_BaseDatos_OTA_imagen\\Calendario_Temperatura_Humedad_TFT",
  "build_path": "C:\\Users\\User\\AppData\\Local\\Temp\\arduino-language-server596288621",
  "verbose": true,
  "create_compilation_database_only": true
}[0m
08:59:55.416531 [96mINIT --- : Compile successful![0m
08:59:55.421274 [96mINIT --- : Updated 'libraries.cache'. Copied: C:\Users\User\AppData\Local\Temp\arduino-language-server596288621\libraries.cache to C:\Users\User\AppData\Local\Temp\arduino-language-server2024823998\libraries.cache[0m
08:59:55.421274 [96mINIT --- : [93mread-locked[0m[0m
08:59:55.421274 [96mINIT --- : [93mread-unlocked[0m[0m
08:59:55.736049 [96mINIT --- : Running build with: {
  "instance": {
    "id": 1
  },
  "fqbn": "esp32:esp32:esp32:UploadSpeed=921600,CPUFreq=240,FlashFreq=80,FlashMode=qio,FlashSize=4M,PartitionScheme=min_spiffs,DebugLevel=none,PSRAM=enabled,LoopCore=1,EventsCore=1,EraseFlash=none,JTAGAdapter=default",
  "sketch_path": "C:\\Users\\User\\OneDrive - @JMTS\\0 - PROYECTOS EN CURSO\\TFT Esp32\\TFT\\Reloj_Temperatura_Humedad_BaseDatos_OTA_imagen\\Calendario_Temperatura_Humedad_TFT",
  "build_path": "C:\\Users\\User\\AppData\\Local\\Temp\\arduino-language-server2024823998",
  "verbose": true,
  "create_compilation_database_only": true,
  "skip_libraries_discovery": true
}[0m
09:00:02.303237 [96mINIT --- : Compile successful![0m
09:00:02.702941 [96mINIT --- : Arduino Data Dir -> c:\Users\Usuario\AppData\Local\Arduino15[0m
09:00:02.702941 [96mINIT --- :     Starting clangd: c:\Program Files\Arduino IDE\resources\app\lib\backend\resources\clangd.exe -log=verbose --compile-commands-dir=C:\Users\User\AppData\Local\Temp\arduino-language-server2024823998 -query-driver=C:\Users\Usuario\AppData\Local\Arduino15\packages\**[0m
09:00:02.718760 logging to c:\Users\User\OneDrive - @JMTS\0 - PROYECTOS EN CURSO\TFT Esp32\TFT\Reloj_Temperatura_Humedad_BaseDatos_OTA_imagen\Calendario_Temperatura_Humedad_TFT\inols-clangd.log
09:00:02.722839 logging to c:\Users\User\OneDrive - @JMTS\0 - PROYECTOS EN CURSO\TFT Esp32\TFT\Reloj_Temperatura_Humedad_BaseDatos_OTA_imagen\Calendario_Temperatura_Humedad_TFT\inols-clangd-err.log
09:00:02.734862 [91mIDE     LS --> Clangd REQU initialize 1[0m
09:00:02.735720 OUT Elapsed: 857.8µs
09:00:02.831390 IN Elapsed: 96.5277ms
09:00:02.831390 [31mIDE     LS <-- Clangd RESP initialize 1[0m
09:00:02.832031 [96mINIT --- : clangd successfully started: {"capabilities":{"textDocumentSync":{"openClose":true,"change":2,"save":{}},"completionProvider":{"triggerCharacters":[".","\u003c","\u003e",":","\"","/","*"],"allCommitCharacters":[" ","\t","(",")","[","]","{","}","\u003c","\u003e",":",";",",","+","-","/","*","%","^","\u0026","#","?",".","=","\"","'","|"]},"hoverProvider":{},"signatureHelpProvider":{"triggerCharacters":["(",")","{","}","\u003c","\u003e",","]},"declarationProvider":{},"definitionProvider":{},"typeDefinitionProvider":{},"implementationProvider":{},"referencesProvider":{},"documentHighlightProvider":{},"documentSymbolProvider":{},"codeActionProvider":{"codeActionKinds":["quickfix","refactor","info"]},"documentLinkProvider":{},"documentFormattingProvider":{},"documentRangeFormattingProvider":{},"documentOnTypeFormattingProvider":{"firstTriggerCharacter":"\n"},"renameProvider":{"prepareProvider":true},"executeCommandProvider":{"commands":["clangd.applyFix","clangd.applyTweak"]},"selectionRangeProvider":{},"callHierarchyProvider":{},"semanticTokensProvider":{"legend":{"tokenTypes":["variable","variable","parameter","function","method","function","property","variable","class","interface","enum","enumMember","type","type","unknown","namespace","typeParameter","concept","type","macro","comment"],"tokenModifiers":["declaration","deprecated","deduced","readonly","static","abstract","virtual","dependentName","defaultLibrary","usedAsMutableReference","functionScope","classScope","fileScope","globalScope"]},"range":false,"full":{"delta":true}},"workspaceSymbolProvider":{}},"serverInfo":{"name":"clangd","version":"clangd version 14.0.0 windows x86_64-pc-windows-msvc"}}[0m
09:00:02.832031 [91mIDE     LS --> Clangd NOTIF initialized[0m
09:00:02.832535 OUT Elapsed: 503.8µs
09:00:02.832535 [96mINIT --- : Done initializing workbench[0m
09:00:02.832535 [92m                 textDocument/didOpen: [93mlocked (waiting clangd)[0m[0m
09:00:02.834115 [92m                 textDocument/didOpen: URI: file:///c%3A/Users/User/OneDrive%20-%20%40JMTS/0%20-%20PROYECTOS%20EN%20CURSO/TFT%20Esp32/TFT/Reloj_Temperatura_Humedad_BaseDatos_OTA_imagen/Calendario_Temperatura_Humedad_TFT/conexionWiFi.h -> file:///c%3A/Users/User/AppData/Local/Temp/arduino-language-server2024823998/sketch/conexionWiFi.h[0m
09:00:02.840798 [91mIDE     LS --> Clangd NOTIF textDocument/didOpen[0m
09:00:02.840798 OUT Elapsed: 0s
09:00:02.840798 [92m                 textDocument/didOpen: [93mwrite-unlocked[0m[0m
09:00:02.840798 IN Elapsed: 0s
09:00:02.841196 [92mIDE --> LS NOTIF textDocument/didOpen[0m
09:00:02.841196 [92m                 textDocument/didOpen: [93mwrite-locked[0m[0m
09:00:02.842759 [92m                 textDocument/didOpen: URI: file:///c%3A/Users/User/OneDrive%20-%20%40JMTS/0%20-%20PROYECTOS%20EN%20CURSO/TFT%20Esp32/TFT/Reloj_Temperatura_Humedad_BaseDatos_OTA_imagen/Calendario_Temperatura_Humedad_TFT/ico_st.h -> file:///c%3A/Users/User/AppData/Local/Temp/arduino-language-server2024823998/sketch/ico_st.h[0m
09:00:02.856042 [91mIDE     LS --> Clangd NOTIF textDocument/didOpen[0m
09:00:02.856780 OUT Elapsed: 737.9µs
09:00:02.856780 [92m                 textDocument/didOpen: [93mwrite-unlocked[0m[0m
09:00:02.857284 IN Elapsed: 504.1µs
09:00:02.857284 [92mIDE --> LS NOTIF textDocument/didOpen[0m
09:00:02.857284 [92m                 textDocument/didOpen: [93mwrite-locked[0m[0m
09:00:02.858544 IN Elapsed: 27.1549ms
09:00:02.858544 [91mIDE     LS <-- Clangd NOTIF textDocument/publishDiagnostics[0m
09:00:02.859050 [92m                 textDocument/didOpen: URI: file:///c%3A/Users/User/OneDrive%20-%20%40JMTS/0%20-%20PROYECTOS%20EN%20CURSO/TFT%20Esp32/TFT/Reloj_Temperatura_Humedad_BaseDatos_OTA_imagen/Calendario_Temperatura_Humedad_TFT/ico_t.h -> file:///c%3A/Users/User/AppData/Local/Temp/arduino-language-server2024823998/sketch/ico_t.h[0m
09:00:02.860933 [91m                            textDocument/publishDiagnostics: Ignored by configuration[0m
09:00:02.863021 [91mIDE     LS --> Clangd NOTIF textDocument/didOpen[0m
09:00:02.870344 OUT Elapsed: 509.2µs
09:00:02.870344 [92m                 textDocument/didOpen: [93mwrite-unlocked[0m[0m
09:00:02.870344 IN Elapsed: 0s
09:00:02.870988 [92mIDE --> LS NOTIF textDocument/didOpen[0m
09:00:02.870988 [92m                 textDocument/didOpen: [93mwrite-locked[0m[0m
09:00:02.871493 [92m                 textDocument/didOpen: URI: file:///c%3A/Users/User/OneDrive%20-%20%40JMTS/0%20-%20PROYECTOS%20EN%20CURSO/TFT%20Esp32/TFT/Reloj_Temperatura_Humedad_BaseDatos_OTA_imagen/Calendario_Temperatura_Humedad_TFT/ico_h.h -> file:///c%3A/Users/User/AppData/Local/Temp/arduino-language-server2024823998/sketch/ico_h.h[0m
09:00:02.886008 IN Elapsed: 27.4639ms
09:00:02.886008 [91mIDE     LS <-- Clangd NOTIF textDocument/publishDiagnostics[0m
09:00:02.886008 IN Elapsed: 0s
09:00:02.886008 [91mIDE     LS <-- Clangd REQU window/workDoneProgress/create 0[0m
09:00:02.886008 [31mIDE     LS --> Clangd RESP window/workDoneProgress/create 0[0m
09:00:02.886008 OUT Elapsed: 0s
09:00:02.886008 IN Elapsed: 0s
09:00:02.886008 [91mIDE     LS <-- Clangd NOTIF $/progress[0m
09:00:02.886008 [91m                            $/progress: backgroundIndexProgress BEGIN indexing, 0.0%[0m
09:00:02.886008 IN Elapsed: 0s
09:00:02.886008 [91mIDE     LS <-- Clangd NOTIF $/progress[0m
09:00:02.886008 [91m                            $/progress: backgroundIndexProgress REPORT, 0/1, 0.0%[0m
09:00:02.892511 [91m                            textDocument/publishDiagnostics: Ignored by configuration[0m
09:00:02.892511 [92mIDE <-- LS REQU window/workDoneProgress/create 1[0m
09:00:02.892511 OUT Elapsed: 0s
09:00:02.900704 [91mIDE     LS --> Clangd NOTIF textDocument/didOpen[0m
09:00:02.915565 OUT Elapsed: 14.3496ms
09:00:02.915565 [92m                 textDocument/didOpen: [93mwrite-unlocked[0m[0m
09:00:02.916070 IN Elapsed: 505.8µs
09:00:02.916070 [92mIDE --> LS NOTIF textDocument/didOpen[0m
09:00:02.916070 [92m                 textDocument/didOpen: [93mwrite-locked[0m[0m
09:00:02.928476 [92m                 textDocument/didOpen: URI: file:///c%3A/Users/User/OneDrive%20-%20%40JMTS/0%20-%20PROYECTOS%20EN%20CURSO/TFT%20Esp32/TFT/Reloj_Temperatura_Humedad_BaseDatos_OTA_imagen/Calendario_Temperatura_Humedad_TFT/tft.h -> file:///c%3A/Users/User/AppData/Local/Temp/arduino-language-server2024823998/sketch/tft.h[0m
09:00:02.965215 [91mIDE     LS --> Clangd NOTIF textDocument/didOpen[0m
09:00:02.966714 OUT Elapsed: 1.4988ms
09:00:02.966714 [92m                 textDocument/didOpen: [93mwrite-unlocked[0m[0m
09:00:02.966714 IN Elapsed: 0s
09:00:02.966714 [92mIDE --> LS NOTIF textDocument/didOpen[0m
09:00:02.967201 [92m                 textDocument/didOpen: [93mwrite-locked[0m[0m
09:00:03.008342 [92m                 textDocument/didOpen: URI: file:///c%3A/Users/User/OneDrive%20-%20%40JMTS/0%20-%20PROYECTOS%20EN%20CURSO/TFT%20Esp32/TFT/Reloj_Temperatura_Humedad_BaseDatos_OTA_imagen/Calendario_Temperatura_Humedad_TFT/reloj.h -> file:///c%3A/Users/User/AppData/Local/Temp/arduino-language-server2024823998/sketch/reloj.h[0m
09:00:03.041592 [91mIDE     LS --> Clangd NOTIF textDocument/didOpen[0m
09:00:03.041592 OUT Elapsed: 0s
09:00:03.041592 [92m                 textDocument/didOpen: [93mwrite-unlocked[0m[0m
09:00:03.041592 IN Elapsed: 0s
09:00:03.041592 [92mIDE --> LS NOTIF textDocument/didOpen[0m
09:00:03.041592 [92m                 textDocument/didOpen: [93mwrite-locked[0m[0m
09:00:03.041592 [92m                 textDocument/didOpen: URI: file:///c%3A/Users/User/OneDrive%20-%20%40JMTS/0%20-%20PROYECTOS%20EN%20CURSO/TFT%20Esp32/TFT/Reloj_Temperatura_Humedad_BaseDatos_OTA_imagen/Calendario_Temperatura_Humedad_TFT/sensorDHT.h -> file:///c%3A/Users/User/AppData/Local/Temp/arduino-language-server2024823998/sketch/sensorDHT.h[0m
09:00:03.075568 [91mIDE     LS --> Clangd NOTIF textDocument/didOpen[0m
09:00:03.080284 OUT Elapsed: 4.7167ms
09:00:03.080284 [92m                 textDocument/didOpen: [93mwrite-unlocked[0m[0m
09:00:03.080284 IN Elapsed: 0s
09:00:03.080284 [92mIDE --> LS NOTIF textDocument/didOpen[0m
09:00:03.080284 [92m                 textDocument/didOpen: [93mwrite-locked[0m[0m
09:00:03.080793 [92m                 textDocument/didOpen: URI: file:///c%3A/Users/User/OneDrive%20-%20%40JMTS/0%20-%20PROYECTOS%20EN%20CURSO/TFT%20Esp32/TFT/Reloj_Temperatura_Humedad_BaseDatos_OTA_imagen/Calendario_Temperatura_Humedad_TFT/ota.h -> file:///c%3A/Users/User/AppData/Local/Temp/arduino-language-server2024823998/sketch/ota.h[0m
09:00:03.096887 [91mIDE     LS --> Clangd NOTIF textDocument/didOpen[0m
09:00:03.096887 OUT Elapsed: 0s
09:00:03.096887 [92m                 textDocument/didOpen: [93mwrite-unlocked[0m[0m
09:00:03.096887 IN Elapsed: 0s
09:00:03.096887 [92mIDE --> LS NOTIF textDocument/didOpen[0m
09:00:03.096887 [92m                 textDocument/didOpen: [93mwrite-locked[0m[0m
09:00:03.108957 [92m                 textDocument/didOpen: URI: file:///c%3A/Users/User/OneDrive%20-%20%40JMTS/0%20-%20PROYECTOS%20EN%20CURSO/TFT%20Esp32/TFT/Reloj_Temperatura_Humedad_BaseDatos_OTA_imagen/Calendario_Temperatura_Humedad_TFT/configuracion.h -> file:///c%3A/Users/User/AppData/Local/Temp/arduino-language-server2024823998/sketch/configuracion.h[0m
09:00:03.130043 [91mIDE     LS --> Clangd NOTIF textDocument/didOpen[0m
09:00:03.130043 OUT Elapsed: 0s
09:00:03.130043 [92m                 textDocument/didOpen: [93mwrite-unlocked[0m[0m
09:00:03.130043 IN Elapsed: 0s
09:00:03.130043 [92mIDE --> LS NOTIF textDocument/didOpen[0m
09:00:03.130043 [92m                 textDocument/didOpen: [93mwrite-locked[0m[0m
09:00:03.138944 [92m                 textDocument/didOpen: URI: file:///c%3A/Users/User/OneDrive%20-%20%40JMTS/0%20-%20PROYECTOS%20EN%20CURSO/TFT%20Esp32/TFT/Reloj_Temperatura_Humedad_BaseDatos_OTA_imagen/Calendario_Temperatura_Humedad_TFT/baseDatos.h -> file:///c%3A/Users/User/AppData/Local/Temp/arduino-language-server2024823998/sketch/baseDatos.h[0m
09:00:03.149613 [91mIDE     LS --> Clangd NOTIF textDocument/didOpen[0m
09:00:03.149613 OUT Elapsed: 0s
09:00:03.149613 [92m                 textDocument/didOpen: [93mwrite-unlocked[0m[0m
09:00:03.149613 IN Elapsed: 0s
09:00:03.159454 [92mIDE --> LS NOTIF textDocument/didOpen[0m
09:00:03.159454 [92m                 textDocument/didOpen: [93mwrite-locked[0m[0m
09:00:03.160967 [92m                 textDocument/didOpen: URI: file:///c%3A/Users/User/OneDrive%20-%20%40JMTS/0%20-%20PROYECTOS%20EN%20CURSO/TFT%20Esp32/TFT/Reloj_Temperatura_Humedad_BaseDatos_OTA_imagen/Calendario_Temperatura_Humedad_TFT/Calendario_Temperatura_Humedad_TFT.ino -> file:///c%3A/Users/User/AppData/Local/Temp/arduino-language-server2024823998/sketch/Calendario_Temperatura_Humedad_TFT.ino.cpp[0m
09:00:03.192954 [92m                 textDocument/didOpen: Increasing .ino tracked files count to 1[0m
09:00:03.193459 [91mIDE     LS --> Clangd NOTIF textDocument/didOpen[0m
09:00:03.193459 OUT Elapsed: 0s
09:00:03.193459 [92m                 textDocument/didOpen: [93mwrite-unlocked[0m[0m
09:00:03.193459 IN Elapsed: 0s
09:00:03.215421 [92mIDE --> LS NOTIF textDocument/didOpen[0m
09:00:03.292049 [92m                 textDocument/didOpen: [93mwrite-locked[0m[0m
09:00:03.293146 [92m                 textDocument/didOpen: URI: file:///c%3A/Users/User/OneDrive%20-%20%40JMTS/0%20-%20PROYECTOS%20EN%20CURSO/TFT%20Esp32/TFT/Reloj_Temperatura_Humedad_BaseDatos_OTA_imagen/Calendario_Temperatura_Humedad_TFT/Free_Fonts.h -> file:///c%3A/Users/User/AppData/Local/Temp/arduino-language-server2024823998/sketch/Free_Fonts.h[0m
09:00:03.367949 [91mIDE     LS --> Clangd NOTIF textDocument/didOpen[0m
09:00:03.370541 OUT Elapsed: 1.5927ms
09:00:03.370541 [92m                 textDocument/didOpen: [93mwrite-unlocked[0m[0m
09:00:03.370541 IN Elapsed: 0s
09:00:03.370541 [92mIDE --> LS REQU textDocument/codeAction 1[0m
09:00:03.376807 [92m                textDocument/codeAction 1: [93mread-locked[0m[0m
09:00:03.377231 [92m                textDocument/codeAction 1: --> codeAction(file:///c%3A/Users/User/OneDrive%20-%20%40JMTS/0%20-%20PROYECTOS%20EN%20CURSO/TFT%20Esp32/TFT/Reloj_Temperatura_Humedad_BaseDatos_OTA_imagen/Calendario_Temperatura_Humedad_TFT/ico_st.h:0:0)[0m
09:00:03.378792 [92m                textDocument/codeAction 1: URI: file:///c%3A/Users/User/OneDrive%20-%20%40JMTS/0%20-%20PROYECTOS%20EN%20CURSO/TFT%20Esp32/TFT/Reloj_Temperatura_Humedad_BaseDatos_OTA_imagen/Calendario_Temperatura_Humedad_TFT/ico_st.h -> file:///c%3A/Users/User/AppData/Local/Temp/arduino-language-server2024823998/sketch/ico_st.h[0m
09:00:03.378792 [92m                textDocument/codeAction 1:     --> codeAction(file:///c%3A/Users/User/AppData/Local/Temp/arduino-language-server2024823998/sketch/ico_st.h:0:0)[0m
09:00:03.378792 [91mIDE     LS --> Clangd REQU textDocument/codeAction 2[0m
09:00:03.378792 OUT Elapsed: 0s
09:00:03.486459 IN Elapsed: 600.4509ms
09:00:03.486459 [91mIDE     LS <-- Clangd NOTIF textDocument/publishDiagnostics[0m
09:00:03.486459 IN Elapsed: 0s
09:00:03.486459 [91mIDE     LS <-- Clangd NOTIF textDocument/publishDiagnostics[0m
09:00:03.490978 [91m                            textDocument/publishDiagnostics: Ignored by configuration[0m
09:00:03.490978 [91m                            textDocument/publishDiagnostics: Ignored by configuration[0m
09:00:03.519180 IN Elapsed: 32.7211ms
09:00:03.519180 [91mIDE     LS <-- Clangd NOTIF textDocument/publishDiagnostics[0m
09:00:03.533775 [91m                            textDocument/publishDiagnostics: Ignored by configuration[0m
09:00:03.878819 IN Elapsed: 359.6382ms
09:00:03.878819 [91mIDE     LS <-- Clangd NOTIF $/progress[0m
09:00:03.878819 [91m                            $/progress: backgroundIndexProgress REPORT, 0/48, 0.0%[0m
09:00:03.878819 IN Elapsed: 0s
09:00:03.878819 [91mIDE     LS <-- Clangd NOTIF $/progress[0m
09:00:03.878819 [91m                            $/progress: backgroundIndexProgress REPORT, 0/48, 0.0%[0m
09:00:03.878819 IN Elapsed: 0s
09:00:03.878819 [91mIDE     LS <-- Clangd NOTIF $/progress[0m
09:00:03.878819 [91m                            $/progress: backgroundIndexProgress REPORT, 0/48, 0.0%[0m
09:00:03.878819 IN Elapsed: 0s
09:00:03.878819 [91mIDE     LS <-- Clangd NOTIF $/progress[0m
09:00:03.878819 [91m                            $/progress: backgroundIndexProgress REPORT, 1/48, 2.0%[0m
09:00:03.878819 IN Elapsed: 0s
09:00:03.878819 [91mIDE     LS <-- Clangd NOTIF $/progress[0m
09:00:03.878819 [91m                            $/progress: backgroundIndexProgress REPORT, 1/48, 2.0%[0m
09:00:03.878819 IN Elapsed: 0s
09:00:03.878819 [91mIDE     LS <-- Clangd NOTIF $/progress[0m
09:00:03.878819 [91m                            $/progress: backgroundIndexProgress REPORT, 1/48, 2.0%[0m
09:00:06.419911 IN Elapsed: 2.541092s
09:00:06.419911 [91mIDE     LS <-- Clangd NOTIF textDocument/publishDiagnostics[0m
09:00:06.429961 [91m                            textDocument/publishDiagnostics: Ignored by configuration[0m
09:00:06.511399 IN Elapsed: 91.4884ms
09:00:06.511907 [91mIDE     LS <-- Clangd NOTIF textDocument/publishDiagnostics[0m
09:00:06.519640 [91m                            textDocument/publishDiagnostics: Ignored by configuration[0m
09:00:06.732497 IN Elapsed: 220.5895ms
09:00:06.738442 [31mIDE     LS <-- Clangd RESP textDocument/codeAction 2[0m
09:00:06.738442 [92m                textDocument/codeAction 1: [93mread-unlocked[0m[0m
09:00:06.738442 [32mIDE <-- LS RESP textDocument/codeAction 1[0m
09:00:06.738442 OUT Elapsed: 0s
09:00:06.738442 IN Elapsed: 0s
09:00:06.738442 [92mIDE --> LS REQU textDocument/codeAction 2[0m
09:00:06.738442 [92m                textDocument/codeAction 2: [93mread-locked[0m[0m
09:00:06.738442 [92m                textDocument/codeAction 2: --> codeAction(file:///c%3A/Users/User/OneDrive%20-%20%40JMTS/0%20-%20PROYECTOS%20EN%20CURSO/TFT%20Esp32/TFT/Reloj_Temperatura_Humedad_BaseDatos_OTA_imagen/Calendario_Temperatura_Humedad_TFT/ico_t.h:0:0)[0m
09:00:06.738442 [92m                textDocument/codeAction 2: URI: file:///c%3A/Users/User/OneDrive%20-%20%40JMTS/0%20-%20PROYECTOS%20EN%20CURSO/TFT%20Esp32/TFT/Reloj_Temperatura_Humedad_BaseDatos_OTA_imagen/Calendario_Temperatura_Humedad_TFT/ico_t.h -> file:///c%3A/Users/User/AppData/Local/Temp/arduino-language-server2024823998/sketch/ico_t.h[0m
09:00:06.744254 [92m                textDocument/codeAction 2:     --> codeAction(file:///c%3A/Users/User/AppData/Local/Temp/arduino-language-server2024823998/sketch/ico_t.h:0:0)[0m
09:00:06.744254 [91mIDE     LS --> Clangd REQU textDocument/codeAction 3[0m
09:00:06.745269 OUT Elapsed: 0s
09:00:06.804450 IN Elapsed: 71.9528ms
09:00:06.804450 [91mIDE     LS <-- Clangd NOTIF textDocument/publishDiagnostics[0m
09:00:06.820138 [91m                            textDocument/publishDiagnostics: Ignored by configuration[0m
09:00:06.929910 IN Elapsed: 125.4608ms
09:00:06.929910 [91mIDE     LS <-- Clangd NOTIF textDocument/publishDiagnostics[0m
09:00:06.936816 [91m                            textDocument/publishDiagnostics: Ignored by configuration[0m
09:00:07.430237 IN Elapsed: 500.3269ms
09:00:07.430237 [91mIDE     LS <-- Clangd NOTIF textDocument/publishDiagnostics[0m
09:00:07.447650 [91m                            textDocument/publishDiagnostics: Ignored by configuration[0m
09:00:07.646707 IN Elapsed: 216.4695ms
09:00:07.646707 [91mIDE     LS <-- Clangd NOTIF textDocument/publishDiagnostics[0m
09:00:07.667243 [91m                            textDocument/publishDiagnostics: Ignored by configuration[0m
09:00:07.886597 IN Elapsed: 239.8901ms
09:00:07.896902 [31mIDE     LS <-- Clangd RESP textDocument/codeAction 3[0m
09:00:07.896902 [92m                textDocument/codeAction 2: [93mread-unlocked[0m[0m
09:00:07.896902 [32mIDE <-- LS RESP textDocument/codeAction 2[0m
09:00:07.896902 OUT Elapsed: 0s
09:00:07.896902 IN Elapsed: 0s
09:00:07.896902 [92mIDE --> LS REQU textDocument/codeAction 3[0m
09:00:07.896902 [92m                textDocument/codeAction 3: [93mread-locked[0m[0m
09:00:07.896902 [92m                textDocument/codeAction 3: --> codeAction(file:///c%3A/Users/User/OneDrive%20-%20%40JMTS/0%20-%20PROYECTOS%20EN%20CURSO/TFT%20Esp32/TFT/Reloj_Temperatura_Humedad_BaseDatos_OTA_imagen/Calendario_Temperatura_Humedad_TFT/tft.h:45:24)[0m
09:00:07.897411 [92m                textDocument/codeAction 3: URI: file:///c%3A/Users/User/OneDrive%20-%20%40JMTS/0%20-%20PROYECTOS%20EN%20CURSO/TFT%20Esp32/TFT/Reloj_Temperatura_Humedad_BaseDatos_OTA_imagen/Calendario_Temperatura_Humedad_TFT/tft.h -> file:///c%3A/Users/User/AppData/Local/Temp/arduino-language-server2024823998/sketch/tft.h[0m
09:00:07.900693 [92m                textDocument/codeAction 3:     --> codeAction(file:///c%3A/Users/User/AppData/Local/Temp/arduino-language-server2024823998/sketch/tft.h:45:24)[0m
09:00:07.900693 [91mIDE     LS --> Clangd REQU textDocument/codeAction 4[0m
09:00:07.900693 OUT Elapsed: 0s
09:00:08.084382 IN Elapsed: 197.7854ms
09:00:08.084382 [91mIDE     LS <-- Clangd NOTIF textDocument/publishDiagnostics[0m
09:00:08.085094 [91m                            textDocument/publishDiagnostics: Ignored by configuration[0m
09:00:08.088370 IN Elapsed: 3.4841ms
09:00:08.088370 [31mIDE     LS <-- Clangd RESP textDocument/codeAction 4[0m
09:00:08.088370 [92m                textDocument/codeAction 3: [93mread-unlocked[0m[0m
09:00:08.088370 [32mIDE <-- LS RESP textDocument/codeAction 3[0m
09:00:08.088370 OUT Elapsed: 0s
09:00:08.088370 IN Elapsed: 0s
09:00:08.088370 [92mIDE --> LS REQU textDocument/codeAction 4[0m
09:00:08.088370 [92m                textDocument/codeAction 4: [93mread-locked[0m[0m
09:00:08.088370 [92m                textDocument/codeAction 4: --> codeAction(file:///c%3A/Users/User/OneDrive%20-%20%40JMTS/0%20-%20PROYECTOS%20EN%20CURSO/TFT%20Esp32/TFT/Reloj_Temperatura_Humedad_BaseDatos_OTA_imagen/Calendario_Temperatura_Humedad_TFT/reloj.h:15:8)[0m
09:00:08.092438 [92m                textDocument/codeAction 4: URI: file:///c%3A/Users/User/OneDrive%20-%20%40JMTS/0%20-%20PROYECTOS%20EN%20CURSO/TFT%20Esp32/TFT/Reloj_Temperatura_Humedad_BaseDatos_OTA_imagen/Calendario_Temperatura_Humedad_TFT/reloj.h -> file:///c%3A/Users/User/AppData/Local/Temp/arduino-language-server2024823998/sketch/reloj.h[0m
09:00:08.094024 [92m                textDocument/codeAction 4:     --> codeAction(file:///c%3A/Users/User/AppData/Local/Temp/arduino-language-server2024823998/sketch/reloj.h:15:8)[0m
09:00:08.094024 [91mIDE     LS --> Clangd REQU textDocument/codeAction 5[0m
09:00:08.094024 OUT Elapsed: 0s
09:00:08.094024 IN Elapsed: 5.654ms
09:00:08.094538 [31mIDE     LS <-- Clangd RESP textDocument/codeAction 5[0m
09:00:08.094538 [92m                textDocument/codeAction 4: [93mread-unlocked[0m[0m
09:00:08.094538 [32mIDE <-- LS RESP textDocument/codeAction 4[0m
09:00:08.094538 OUT Elapsed: 0s
09:00:08.094538 IN Elapsed: 0s
09:00:08.094538 [92mIDE --> LS REQU textDocument/codeAction 5[0m
09:00:08.094538 [92m                textDocument/codeAction 5: [93mread-locked[0m[0m
09:00:08.095548 [92m                textDocument/codeAction 5: --> codeAction(file:///c%3A/Users/User/OneDrive%20-%20%40JMTS/0%20-%20PROYECTOS%20EN%20CURSO/TFT%20Esp32/TFT/Reloj_Temperatura_Humedad_BaseDatos_OTA_imagen/Calendario_Temperatura_Humedad_TFT/sensorDHT.h:15:9)[0m
09:00:08.099895 [92m                textDocument/codeAction 5: URI: file:///c%3A/Users/User/OneDrive%20-%20%40JMTS/0%20-%20PROYECTOS%20EN%20CURSO/TFT%20Esp32/TFT/Reloj_Temperatura_Humedad_BaseDatos_OTA_imagen/Calendario_Temperatura_Humedad_TFT/sensorDHT.h -> file:///c%3A/Users/User/AppData/Local/Temp/arduino-language-server2024823998/sketch/sensorDHT.h[0m
09:00:08.100936 [92m                textDocument/codeAction 5:     --> codeAction(file:///c%3A/Users/User/AppData/Local/Temp/arduino-language-server2024823998/sketch/sensorDHT.h:15:9)[0m
09:00:08.100936 [91mIDE     LS --> Clangd REQU textDocument/codeAction 6[0m
09:00:08.100936 OUT Elapsed: 0s
09:00:09.108727 IN Elapsed: 1.0141889s
09:00:09.108727 [91mIDE     LS <-- Clangd NOTIF textDocument/publishDiagnostics[0m
09:00:09.108727 IN Elapsed: 0s
09:00:09.108727 [91m                            textDocument/publishDiagnostics: Ignored by configuration[0m
09:00:09.108727 [31mIDE     LS <-- Clangd RESP textDocument/codeAction 6[0m
09:00:09.108727 [92m                textDocument/codeAction 5: [93mread-unlocked[0m[0m
09:00:09.109238 [32mIDE <-- LS RESP textDocument/codeAction 5[0m
09:00:09.109238 OUT Elapsed: 0s
09:00:09.109238 IN Elapsed: 0s
09:00:09.109238 [92mIDE --> LS REQU textDocument/codeAction 6[0m
09:00:09.109238 [92m                textDocument/codeAction 6: [93mread-locked[0m[0m
09:00:09.109238 [92m                textDocument/codeAction 6: --> codeAction(file:///c%3A/Users/User/OneDrive%20-%20%40JMTS/0%20-%20PROYECTOS%20EN%20CURSO/TFT%20Esp32/TFT/Reloj_Temperatura_Humedad_BaseDatos_OTA_imagen/Calendario_Temperatura_Humedad_TFT/ota.h:0:0)[0m
09:00:09.111872 [92m                textDocument/codeAction 6: URI: file:///c%3A/Users/User/OneDrive%20-%20%40JMTS/0%20-%20PROYECTOS%20EN%20CURSO/TFT%20Esp32/TFT/Reloj_Temperatura_Humedad_BaseDatos_OTA_imagen/Calendario_Temperatura_Humedad_TFT/ota.h -> file:///c%3A/Users/User/AppData/Local/Temp/arduino-language-server2024823998/sketch/ota.h[0m
09:00:09.114778 [92m                textDocument/codeAction 6:     --> codeAction(file:///c%3A/Users/User/AppData/Local/Temp/arduino-language-server2024823998/sketch/ota.h:0:0)[0m
09:00:09.114778 [91mIDE     LS --> Clangd REQU textDocument/codeAction 7[0m
09:00:09.114778 OUT Elapsed: 0s
09:00:09.256151 IN Elapsed: 147.4238ms
09:00:09.256663 [31mIDE     LS <-- Clangd RESP textDocument/codeAction 7[0m
09:00:09.256663 [92m                textDocument/codeAction 6: [93mread-unlocked[0m[0m
09:00:09.256663 [32mIDE <-- LS RESP textDocument/codeAction 6[0m
09:00:09.256663 OUT Elapsed: 0s
09:00:09.256663 IN Elapsed: 0s
09:00:09.256663 [92mIDE --> LS REQU textDocument/codeAction 7[0m
09:00:09.256663 [92m                textDocument/codeAction 7: [93mread-locked[0m[0m
09:00:09.256663 [92m                textDocument/codeAction 7: --> codeAction(file:///c%3A/Users/User/OneDrive%20-%20%40JMTS/0%20-%20PROYECTOS%20EN%20CURSO/TFT%20Esp32/TFT/Reloj_Temperatura_Humedad_BaseDatos_OTA_imagen/Calendario_Temperatura_Humedad_TFT/configuracion.h:49:52)[0m
09:00:09.261399 [92m                textDocument/codeAction 7: URI: file:///c%3A/Users/User/OneDrive%20-%20%40JMTS/0%20-%20PROYECTOS%20EN%20CURSO/TFT%20Esp32/TFT/Reloj_Temperatura_Humedad_BaseDatos_OTA_imagen/Calendario_Temperatura_Humedad_TFT/configuracion.h -> file:///c%3A/Users/User/AppData/Local/Temp/arduino-language-server2024823998/sketch/configuracion.h[0m
09:00:09.262438 [92m                textDocument/codeAction 7:     --> codeAction(file:///c%3A/Users/User/AppData/Local/Temp/arduino-language-server2024823998/sketch/configuracion.h:49:52)[0m
09:00:09.262438 [91mIDE     LS --> Clangd REQU textDocument/codeAction 8[0m
09:00:09.262953 OUT Elapsed: 0s
09:00:09.400320 IN Elapsed: 144.1687ms
09:00:09.400320 [31mIDE     LS <-- Clangd RESP textDocument/codeAction 8[0m
09:00:09.400320 [92m                textDocument/codeAction 7: [93mread-unlocked[0m[0m
09:00:09.400320 [32mIDE <-- LS RESP textDocument/codeAction 7[0m
09:00:09.400320 OUT Elapsed: 0s
09:00:09.400320 IN Elapsed: 0s
09:00:09.400320 [92mIDE --> LS REQU textDocument/codeAction 8[0m
09:00:09.400320 [92m                textDocument/codeAction 8: [93mread-locked[0m[0m
09:00:09.400320 [92m                textDocument/codeAction 8: --> codeAction(file:///c%3A/Users/User/OneDrive%20-%20%40JMTS/0%20-%20PROYECTOS%20EN%20CURSO/TFT%20Esp32/TFT/Reloj_Temperatura_Humedad_BaseDatos_OTA_imagen/Calendario_Temperatura_Humedad_TFT/Calendario_Temperatura_Humedad_TFT.ino:50:19)[0m
09:00:09.402491 [92m                textDocument/codeAction 8: URI: file:///c%3A/Users/User/OneDrive%20-%20%40JMTS/0%20-%20PROYECTOS%20EN%20CURSO/TFT%20Esp32/TFT/Reloj_Temperatura_Humedad_BaseDatos_OTA_imagen/Calendario_Temperatura_Humedad_TFT/Calendario_Temperatura_Humedad_TFT.ino -> file:///c%3A/Users/User/AppData/Local/Temp/arduino-language-server2024823998/sketch/Calendario_Temperatura_Humedad_TFT.ino.cpp[0m
09:00:09.406952 [92m                textDocument/codeAction 8:     --> codeAction(file:///c%3A/Users/User/AppData/Local/Temp/arduino-language-server2024823998/sketch/Calendario_Temperatura_Humedad_TFT.ino.cpp:50:19)[0m
09:00:09.406952 [91mIDE     LS --> Clangd REQU textDocument/codeAction 9[0m
09:00:09.406952 OUT Elapsed: 0s
09:00:10.538841 IN Elapsed: 1.1385216s
09:00:10.539449 [91mIDE     LS <-- Clangd NOTIF textDocument/publishDiagnostics[0m
09:00:10.539953 [91m                            textDocument/publishDiagnostics: Ignored by configuration[0m
09:00:10.539953 IN Elapsed: 503.6µs
09:00:10.539953 [31mIDE     LS <-- Clangd RESP textDocument/codeAction 9[0m
09:00:10.540472 [92m                textDocument/codeAction 8: [93mread-unlocked[0m[0m
09:00:10.540472 [32mIDE <-- LS RESP textDocument/codeAction 8[0m
09:00:10.540472 OUT Elapsed: 0s
09:00:10.540472 IN Elapsed: 0s
09:00:10.540472 [92mIDE --> LS REQU textDocument/codeAction 9[0m
09:00:10.540472 [92m                textDocument/codeAction 9: [93mread-locked[0m[0m
09:00:10.540472 [92m                textDocument/codeAction 9: --> codeAction(file:///c%3A/Users/User/OneDrive%20-%20%40JMTS/0%20-%20PROYECTOS%20EN%20CURSO/TFT%20Esp32/TFT/Reloj_Temperatura_Humedad_BaseDatos_OTA_imagen/Calendario_Temperatura_Humedad_TFT/Free_Fonts.h:87:16)[0m
09:00:10.542818 [92m                textDocument/codeAction 9: URI: file:///c%3A/Users/User/OneDrive%20-%20%40JMTS/0%20-%20PROYECTOS%20EN%20CURSO/TFT%20Esp32/TFT/Reloj_Temperatura_Humedad_BaseDatos_OTA_imagen/Calendario_Temperatura_Humedad_TFT/Free_Fonts.h -> file:///c%3A/Users/User/AppData/Local/Temp/arduino-language-server2024823998/sketch/Free_Fonts.h[0m
09:00:10.544812 [92m                textDocument/codeAction 9:     --> codeAction(file:///c%3A/Users/User/AppData/Local/Temp/arduino-language-server2024823998/sketch/Free_Fonts.h:87:16)[0m
09:00:10.544812 [91mIDE     LS --> Clangd REQU textDocument/codeAction 10[0m
09:00:10.545334 OUT Elapsed: 522.8µs
09:00:10.800971 IN Elapsed: 261.0176ms
09:00:10.801480 [31mIDE     LS <-- Clangd RESP textDocument/codeAction 10[0m
09:00:10.801480 [92m                textDocument/codeAction 9: [93mread-unlocked[0m[0m
09:00:10.801480 [32mIDE <-- LS RESP textDocument/codeAction 9[0m
09:00:10.801480 OUT Elapsed: 0s
09:00:10.801480 IN Elapsed: 0s
09:00:10.801480 [92mIDE --> LS REQU textDocument/documentSymbol 10[0m
09:00:10.801480 [92m                textDocument/documentSymbol 10: [93mread-locked[0m[0m
09:00:10.811309 [92m                textDocument/documentSymbol 10: URI: file:///c%3A/Users/User/OneDrive%20-%20%40JMTS/0%20-%20PROYECTOS%20EN%20CURSO/TFT%20Esp32/TFT/Reloj_Temperatura_Humedad_BaseDatos_OTA_imagen/Calendario_Temperatura_Humedad_TFT/configuracion.h -> file:///c%3A/Users/User/AppData/Local/Temp/arduino-language-server2024823998/sketch/configuracion.h[0m
09:00:10.811309 [91mIDE     LS --> Clangd REQU textDocument/documentSymbol 11[0m
09:00:10.812310 OUT Elapsed: 1.0012ms
09:00:10.813309 IN Elapsed: 11.8297ms
09:00:10.814494 [31mIDE     LS <-- Clangd RESP textDocument/documentSymbol 11[0m
09:00:10.815000 [92m                textDocument/documentSymbol 10: file:///c%3A/Users/User/AppData/Local/Temp/arduino-language-server2024823998/sketch/configuracion.h (7 document symbols)[0m
09:00:10.815199 [92m                textDocument/documentSymbol 10:   > convert SymbolKind:Variable 10:0-10:7[0m
09:00:10.819070 [92m                textDocument/documentSymbol 10: Range: file:///c%3A/Users/User/AppData/Local/Temp/arduino-language-server2024823998/sketch/configuracion.h:10:0-10:7 -> file:///c%3A/Users/User/OneDrive%20-%20%40JMTS/0%20-%20PROYECTOS%20EN%20CURSO/TFT%20Esp32/TFT/Reloj_Temperatura_Humedad_BaseDatos_OTA_imagen/Calendario_Temperatura_Humedad_TFT/configuracion.h:9:0-9:7 (.cpp/.h)[0m
09:00:10.824021 [92m                textDocument/documentSymbol 10: Range: file:///c%3A/Users/User/AppData/Local/Temp/arduino-language-server2024823998/sketch/configuracion.h:10:5-10:7 -> file:///c%3A/Users/User/OneDrive%20-%20%40JMTS/0%20-%20PROYECTOS%20EN%20CURSO/TFT%20Esp32/TFT/Reloj_Temperatura_Humedad_BaseDatos_OTA_imagen/Calendario_Temperatura_Humedad_TFT/configuracion.h:9:5-9:7 (.cpp/.h)[0m
09:00:10.824021 [92m                textDocument/documentSymbol 10: file:///c%3A/Users/User/AppData/Local/Temp/arduino-language-server2024823998/sketch/configuracion.h (0 document symbols)[0m
09:00:10.824021 [92m                textDocument/documentSymbol 10:   > convert SymbolKind:Function 12:0-39:1[0m
09:00:10.832927 [92m                textDocument/documentSymbol 10: Range: file:///c%3A/Users/User/AppData/Local/Temp/arduino-language-server2024823998/sketch/configuracion.h:12:0-39:1 -> file:///c%3A/Users/User/OneDrive%20-%20%40JMTS/0%20-%20PROYECTOS%20EN%20CURSO/TFT%20Esp32/TFT/Reloj_Temperatura_Humedad_BaseDatos_OTA_imagen/Calendario_Temperatura_Humedad_TFT/configuracion.h:11:0-38:1 (.cpp/.h)[0m
09:00:10.838762 [92m                textDocument/documentSymbol 10: Range: file:///c%3A/Users/User/AppData/Local/Temp/arduino-language-server2024823998/sketch/configuracion.h:12:6-12:15 -> file:///c%3A/Users/User/OneDrive%20-%20%40JMTS/0%20-%20PROYECTOS%20EN%20CURSO/TFT%20Esp32/TFT/Reloj_Temperatura_Humedad_BaseDatos_OTA_imagen/Calendario_Temperatura_Humedad_TFT/configuracion.h:11:6-11:15 (.cpp/.h)[0m
09:00:10.838762 [92m                textDocument/documentSymbol 10: file:///c%3A/Users/User/AppData/Local/Temp/arduino-language-server2024823998/sketch/configuracion.h (0 document symbols)[0m
09:00:10.838762 [92m                textDocument/documentSymbol 10:   > convert SymbolKind:Variable 42:0-42:25[0m
09:00:10.846336 [92m                textDocument/documentSymbol 10: Range: file:///c%3A/Users/User/AppData/Local/Temp/arduino-language-server2024823998/sketch/configuracion.h:42:0-42:25 -> file:///c%3A/Users/User/OneDrive%20-%20%40JMTS/0%20-%20PROYECTOS%20EN%20CURSO/TFT%20Esp32/TFT/Reloj_Temperatura_Humedad_BaseDatos_OTA_imagen/Calendario_Temperatura_Humedad_TFT/configuracion.h:41:0-41:25 (.cpp/.h)[0m
09:00:10.850690 [92m                textDocument/documentSymbol 10: Range: file:///c%3A/Users/User/AppData/Local/Temp/arduino-language-server2024823998/sketch/configuracion.h:42:12-42:16 -> file:///c%3A/Users/User/OneDrive%20-%20%40JMTS/0%20-%20PROYECTOS%20EN%20CURSO/TFT%20Esp32/TFT/Reloj_Temperatura_Humedad_BaseDatos_OTA_imagen/Calendario_Temperatura_Humedad_TFT/configuracion.h:41:12-41:16 (.cpp/.h)[0m
09:00:10.851228 [92m                textDocument/documentSymbol 10: file:///c%3A/Users/User/AppData/Local/Temp/arduino-language-server2024823998/sketch/configuracion.h (0 document symbols)[0m
09:00:10.851228 [92m                textDocument/documentSymbol 10:   > convert SymbolKind:Variable 43:0-43:29[0m
09:00:10.855042 [92m                textDocument/documentSymbol 10: Range: file:///c%3A/Users/User/AppData/Local/Temp/arduino-language-server2024823998/sketch/configuracion.h:43:0-43:29 -> file:///c%3A/Users/User/OneDrive%20-%20%40JMTS/0%20-%20PROYECTOS%20EN%20CURSO/TFT%20Esp32/TFT/Reloj_Temperatura_Humedad_BaseDatos_OTA_imagen/Calendario_Temperatura_Humedad_TFT/configuracion.h:42:0-42:29 (.cpp/.h)[0m
09:00:10.861956 [92m                textDocument/documentSymbol 10: Range: file:///c%3A/Users/User/AppData/Local/Temp/arduino-language-server2024823998/sketch/configuracion.h:43:12-43:20 -> file:///c%3A/Users/User/OneDrive%20-%20%40JMTS/0%20-%20PROYECTOS%20EN%20CURSO/TFT%20Esp32/TFT/Reloj_Temperatura_Humedad_BaseDatos_OTA_imagen/Calendario_Temperatura_Humedad_TFT/configuracion.h:42:12-42:20 (.cpp/.h)[0m
09:00:10.861956 [92m                textDocument/documentSymbol 10: file:///c%3A/Users/User/AppData/Local/Temp/arduino-language-server2024823998/sketch/configuracion.h (0 document symbols)[0m
09:00:10.861956 [92m                textDocument/documentSymbol 10:   > convert SymbolKind:Variable 46:0-46:26[0m
09:00:10.865216 [92m                textDocument/documentSymbol 10: Range: file:///c%3A/Users/User/AppData/Local/Temp/arduino-language-server2024823998/sketch/configuracion.h:46:0-46:26 -> file:///c%3A/Users/User/OneDrive%20-%20%40JMTS/0%20-%20PROYECTOS%20EN%20CURSO/TFT%20Esp32/TFT/Reloj_Temperatura_Humedad_BaseDatos_OTA_imagen/Calendario_Temperatura_Humedad_TFT/configuracion.h:45:0-45:26 (.cpp/.h)[0m
09:00:10.869108 [92m                textDocument/documentSymbol 10: Range: file:///c%3A/Users/User/AppData/Local/Temp/arduino-language-server2024823998/sketch/configuracion.h:46:6-46:17 -> file:///c%3A/Users/User/OneDrive%20-%20%40JMTS/0%20-%20PROYECTOS%20EN%20CURSO/TFT%20Esp32/TFT/Reloj_Temperatura_Humedad_BaseDatos_OTA_imagen/Calendario_Temperatura_Humedad_TFT/configuracion.h:45:6-45:17 (.cpp/.h)[0m
09:00:10.869108 [92m                textDocument/documentSymbol 10: file:///c%3A/Users/User/AppData/Local/Temp/arduino-language-server2024823998/sketch/configuracion.h (0 document symbols)[0m
09:00:10.869108 [92m                textDocument/documentSymbol 10:   > convert SymbolKind:Variable 49:0-49:14[0m
09:00:10.871905 [92m                textDocument/documentSymbol 10: Range: file:///c%3A/Users/User/AppData/Local/Temp/arduino-language-server2024823998/sketch/configuracion.h:49:0-49:14 -> file:///c%3A/Users/User/OneDrive%20-%20%40JMTS/0%20-%20PROYECTOS%20EN%20CURSO/TFT%20Esp32/TFT/Reloj_Temperatura_Humedad_BaseDatos_OTA_imagen/Calendario_Temperatura_Humedad_TFT/configuracion.h:48:0-48:14 (.cpp/.h)[0m
09:00:10.878950 [92m                textDocument/documentSymbol 10: Range: file:///c%3A/Users/User/AppData/Local/Temp/arduino-language-server2024823998/sketch/configuracion.h:49:7-49:14 -> file:///c%3A/Users/User/OneDrive%20-%20%40JMTS/0%20-%20PROYECTOS%20EN%20CURSO/TFT%20Esp32/TFT/Reloj_Temperatura_Humedad_BaseDatos_OTA_imagen/Calendario_Temperatura_Humedad_TFT/configuracion.h:48:7-48:14 (.cpp/.h)[0m
09:00:10.879455 [92m                textDocument/documentSymbol 10: file:///c%3A/Users/User/AppData/Local/Temp/arduino-language-server2024823998/sketch/configuracion.h (0 document symbols)[0m
09:00:10.879557 [92m                textDocument/documentSymbol 10:   > convert SymbolKind:Variable 50:0-50:10[0m
09:00:10.885312 [92m                textDocument/documentSymbol 10: Range: file:///c%3A/Users/User/AppData/Local/Temp/arduino-language-server2024823998/sketch/configuracion.h:50:0-50:10 -> file:///c%3A/Users/User/OneDrive%20-%20%40JMTS/0%20-%20PROYECTOS%20EN%20CURSO/TFT%20Esp32/TFT/Reloj_Temperatura_Humedad_BaseDatos_OTA_imagen/Calendario_Temperatura_Humedad_TFT/configuracion.h:49:0-49:10 (.cpp/.h)[0m
09:00:10.889799 [92m                textDocument/documentSymbol 10: Range: file:///c%3A/Users/User/AppData/Local/Temp/arduino-language-server2024823998/sketch/configuracion.h:50:7-50:10 -> file:///c%3A/Users/User/OneDrive%20-%20%40JMTS/0%20-%20PROYECTOS%20EN%20CURSO/TFT%20Esp32/TFT/Reloj_Temperatura_Humedad_BaseDatos_OTA_imagen/Calendario_Temperatura_Humedad_TFT/configuracion.h:49:7-49:10 (.cpp/.h)[0m
09:00:10.889799 [92m                textDocument/documentSymbol 10: file:///c%3A/Users/User/AppData/Local/Temp/arduino-language-server2024823998/sketch/configuracion.h (0 document symbols)[0m
09:00:10.889799 [92m                textDocument/documentSymbol 10: [93mread-unlocked[0m[0m
09:00:10.889799 [32mIDE <-- LS RESP textDocument/documentSymbol 10[0m
09:00:10.889799 OUT Elapsed: 0s
09:00:10.889799 IN Elapsed: 0s
09:00:10.894845 [32mIDE --> LS RESP window/workDoneProgress/create 1[0m
09:00:10.896933 [92mIDE <-- LS NOTIF $/progress[0m
09:00:10.896933 OUT Elapsed: 0s
09:00:10.896933 [92mIDE <-- LS NOTIF $/progress[0m
09:00:10.896933 OUT Elapsed: 0s
09:00:12.548458 IN Elapsed: 1.7341491s
09:00:12.548458 [91mIDE     LS <-- Clangd NOTIF $/progress[0m
09:00:12.548458 [91m                            $/progress: backgroundIndexProgress REPORT, 2/48, 4.0%[0m
09:00:12.548458 IN Elapsed: 0s
09:00:12.548458 [91mIDE     LS <-- Clangd NOTIF $/progress[0m
09:00:12.548458 [91m                            $/progress: backgroundIndexProgress REPORT, 2/48, 4.0%[0m
09:00:12.548458 [92mIDE <-- LS NOTIF $/progress[0m
09:00:12.548458 OUT Elapsed: 0s
09:00:12.548458 [92mIDE <-- LS NOTIF $/progress[0m
09:00:12.548458 OUT Elapsed: 0s
09:00:18.129348 IN Elapsed: 5.58089s
09:00:18.129348 [91mIDE     LS <-- Clangd NOTIF $/progress[0m
09:00:18.129348 [91m                            $/progress: backgroundIndexProgress REPORT, 3/48, 6.0%[0m
09:00:18.129348 IN Elapsed: 0s
09:00:18.129348 [91mIDE     LS <-- Clangd NOTIF $/progress[0m
09:00:18.129348 [91m                            $/progress: backgroundIndexProgress REPORT, 3/48, 6.0%[0m
09:00:18.129348 [92mIDE <-- LS NOTIF $/progress[0m
09:00:18.129348 OUT Elapsed: 0s
09:00:18.135144 IN Elapsed: 5.7952ms
09:00:18.135144 [91mIDE     LS <-- Clangd NOTIF $/progress[0m
09:00:18.135144 [91m                            $/progress: backgroundIndexProgress REPORT, 4/48, 8.0%[0m
09:00:18.135144 IN Elapsed: 0s
09:00:18.135144 [91mIDE     LS <-- Clangd NOTIF $/progress[0m
09:00:18.135144 [91m                            $/progress: backgroundIndexProgress REPORT, 4/48, 8.0%[0m
09:00:18.135144 [92mIDE <-- LS NOTIF $/progress[0m
09:00:18.135144 OUT Elapsed: 0s
09:00:18.859994 IN Elapsed: 724.8506ms
09:00:18.859994 [91mIDE     LS <-- Clangd NOTIF $/progress[0m
09:00:18.859994 [91m                            $/progress: backgroundIndexProgress REPORT, 5/48, 10.0%[0m
09:00:18.859994 IN Elapsed: 0s
09:00:18.859994 [91mIDE     LS <-- Clangd NOTIF $/progress[0m
09:00:18.859994 [92mIDE <-- LS NOTIF $/progress[0m
09:00:18.859994 OUT Elapsed: 0s
09:00:18.859994 [91m                            $/progress: backgroundIndexProgress REPORT, 5/48, 10.0%[0m
09:00:18.859994 [92mIDE <-- LS NOTIF $/progress[0m
09:00:18.859994 OUT Elapsed: 0s
09:00:19.480539 IN Elapsed: 620.5446ms
09:00:19.480539 [91mIDE     LS <-- Clangd NOTIF $/progress[0m
09:00:19.480539 [91m                            $/progress: backgroundIndexProgress REPORT, 6/48, 12.0%[0m
09:00:19.480539 IN Elapsed: 0s
09:00:19.480539 [91mIDE     LS <-- Clangd NOTIF $/progress[0m
09:00:19.480539 [92mIDE <-- LS NOTIF $/progress[0m
09:00:19.480539 OUT Elapsed: 0s
09:00:19.480539 [91m                            $/progress: backgroundIndexProgress REPORT, 6/48, 12.0%[0m
09:00:19.480539 [92mIDE <-- LS NOTIF $/progress[0m
09:00:19.480539 OUT Elapsed: 0s
09:00:19.868090 IN Elapsed: 387.5511ms
09:00:19.868090 [91mIDE     LS <-- Clangd NOTIF $/progress[0m
09:00:19.868090 [91m                            $/progress: backgroundIndexProgress REPORT, 7/48, 14.0%[0m
09:00:19.868090 IN Elapsed: 0s
09:00:19.868090 [91mIDE     LS <-- Clangd NOTIF $/progress[0m
09:00:19.868090 [92mIDE <-- LS NOTIF $/progress[0m
09:00:19.868090 OUT Elapsed: 0s
09:00:19.868090 [91m                            $/progress: backgroundIndexProgress REPORT, 7/48, 14.0%[0m
09:00:19.868090 [92mIDE <-- LS NOTIF $/progress[0m
09:00:19.868090 OUT Elapsed: 0s
09:00:21.277136 IN Elapsed: 1.409046s
09:00:21.277136 [91mIDE     LS <-- Clangd NOTIF $/progress[0m
09:00:21.277136 [91m                            $/progress: backgroundIndexProgress REPORT, 8/48, 16.0%[0m
09:00:21.277136 IN Elapsed: 0s
09:00:21.277136 [91mIDE     LS <-- Clangd NOTIF $/progress[0m
09:00:21.277136 [92mIDE <-- LS NOTIF $/progress[0m
09:00:21.277136 OUT Elapsed: 0s
09:00:21.277136 [91m                            $/progress: backgroundIndexProgress REPORT, 8/48, 16.0%[0m
09:00:21.277136 [92mIDE <-- LS NOTIF $/progress[0m
09:00:21.277136 OUT Elapsed: 0s
09:00:25.079919 IN Elapsed: 3.8027832s
09:00:25.079919 [91mIDE     LS <-- Clangd NOTIF $/progress[0m
09:00:25.079919 [91m                            $/progress: backgroundIndexProgress REPORT, 9/48, 18.0%[0m
09:00:25.079919 IN Elapsed: 0s
09:00:25.080424 [91mIDE     LS <-- Clangd NOTIF $/progress[0m
09:00:25.080424 [91m                            $/progress: backgroundIndexProgress REPORT, 9/48, 18.0%[0m
09:00:25.080424 [92mIDE <-- LS NOTIF $/progress[0m
09:00:25.080424 OUT Elapsed: 0s
09:00:25.084346 [92mIDE <-- LS NOTIF $/progress[0m
09:00:25.084853 OUT Elapsed: 507µs
09:00:25.189592 IN Elapsed: 109.1676ms
09:00:25.189592 [91mIDE     LS <-- Clangd NOTIF $/progress[0m
09:00:25.189592 [91m                            $/progress: backgroundIndexProgress REPORT, 10/48, 20.0%[0m
09:00:25.189592 IN Elapsed: 0s
09:00:25.189592 [91mIDE     LS <-- Clangd NOTIF $/progress[0m
09:00:25.189592 [92mIDE <-- LS NOTIF $/progress[0m
09:00:25.189592 OUT Elapsed: 0s
09:00:25.189592 [91m                            $/progress: backgroundIndexProgress REPORT, 10/48, 20.0%[0m
09:00:25.193106 [92mIDE <-- LS NOTIF $/progress[0m
09:00:25.193106 OUT Elapsed: 0s
09:00:25.517762 IN Elapsed: 325.6553ms
09:00:25.517762 [91mIDE     LS <-- Clangd NOTIF $/progress[0m
09:00:25.517762 [91m                            $/progress: backgroundIndexProgress REPORT, 11/48, 22.0%[0m
09:00:25.517762 IN Elapsed: 0s
09:00:25.517762 [91mIDE     LS <-- Clangd NOTIF $/progress[0m
09:00:25.517762 [91m                            $/progress: backgroundIndexProgress REPORT, 11/48, 22.0%[0m
09:00:25.517762 [92mIDE <-- LS NOTIF $/progress[0m
09:00:25.517762 OUT Elapsed: 0s
09:00:25.517762 [92mIDE <-- LS NOTIF $/progress[0m
09:00:25.517762 OUT Elapsed: 0s
09:00:26.139279 IN Elapsed: 621.5167ms
09:00:26.139279 [91mIDE     LS <-- Clangd NOTIF $/progress[0m
09:00:26.139279 [91m                            $/progress: backgroundIndexProgress REPORT, 12/48, 25.0%[0m
09:00:26.139279 IN Elapsed: 0s
09:00:26.139279 [91mIDE     LS <-- Clangd NOTIF $/progress[0m
09:00:26.139279 [92mIDE <-- LS NOTIF $/progress[0m
09:00:26.139279 OUT Elapsed: 0s
09:00:26.139279 [91m                            $/progress: backgroundIndexProgress REPORT, 12/48, 25.0%[0m
09:00:26.139279 [92mIDE <-- LS NOTIF $/progress[0m
09:00:26.139279 OUT Elapsed: 0s
09:00:26.354032 IN Elapsed: 214.7525ms
09:00:26.354032 [91mIDE     LS <-- Clangd NOTIF $/progress[0m
09:00:26.354032 [91m                            $/progress: backgroundIndexProgress REPORT, 13/48, 27.0%[0m
09:00:26.354032 IN Elapsed: 0s
09:00:26.354032 [91mIDE     LS <-- Clangd NOTIF $/progress[0m
09:00:26.354032 [91m                            $/progress: backgroundIndexProgress REPORT, 13/48, 27.0%[0m
09:00:26.354763 [92mIDE <-- LS NOTIF $/progress[0m
09:00:26.354763 OUT Elapsed: 0s
09:00:30.143613 IN Elapsed: 3.7895818s
09:00:30.159242 [91mIDE     LS <-- Clangd NOTIF $/progress[0m
09:00:30.159242 [91m                            $/progress: backgroundIndexProgress REPORT, 14/48, 29.0%[0m
09:00:30.159625 IN Elapsed: 0s
09:00:30.159625 [91mIDE     LS <-- Clangd NOTIF $/progress[0m
09:00:30.159625 [91m                            $/progress: backgroundIndexProgress REPORT, 14/48, 29.0%[0m
09:00:30.160519 [92mIDE <-- LS NOTIF $/progress[0m
09:00:30.160519 OUT Elapsed: 0s
09:00:31.560282 IN Elapsed: 1.4006573s
09:00:31.560282 [91mIDE     LS <-- Clangd NOTIF $/progress[0m
09:00:31.560282 [91m                            $/progress: backgroundIndexProgress REPORT, 15/48, 31.0%[0m
09:00:31.560282 IN Elapsed: 0s
09:00:31.560788 [91mIDE     LS <-- Clangd NOTIF $/progress[0m
09:00:31.560788 [91m                            $/progress: backgroundIndexProgress REPORT, 15/48, 31.0%[0m
09:00:31.560788 [92mIDE <-- LS NOTIF $/progress[0m
09:00:31.560998 OUT Elapsed: 0s
09:00:32.920937 IN Elapsed: 1.3601496s
09:00:32.920937 [91mIDE     LS <-- Clangd NOTIF $/progress[0m
09:00:32.920937 [91m                            $/progress: backgroundIndexProgress REPORT, 16/48, 33.0%[0m
09:00:32.920937 IN Elapsed: 0s
09:00:32.920937 [91mIDE     LS <-- Clangd NOTIF $/progress[0m
09:00:32.920937 [91m                            $/progress: backgroundIndexProgress REPORT, 16/48, 33.0%[0m
09:00:32.920937 [92mIDE <-- LS NOTIF $/progress[0m
09:00:32.921443 OUT Elapsed: 0s
09:00:32.921443 [92mIDE <-- LS NOTIF $/progress[0m
09:00:32.921443 OUT Elapsed: 0s
09:00:33.166576 IN Elapsed: 245.1328ms
09:00:33.166576 [91mIDE     LS <-- Clangd NOTIF $/progress[0m
09:00:33.166576 [91m                            $/progress: backgroundIndexProgress REPORT, 17/48, 35.0%[0m
09:00:33.166576 IN Elapsed: 0s
09:00:33.168096 [92mIDE <-- LS NOTIF $/progress[0m
09:00:33.168096 [91mIDE     LS <-- Clangd NOTIF $/progress[0m
09:00:33.168096 [91m                            $/progress: backgroundIndexProgress REPORT, 17/48, 35.0%[0m
09:00:33.168096 OUT Elapsed: 0s
09:00:33.168602 [92mIDE <-- LS NOTIF $/progress[0m
09:00:33.168602 OUT Elapsed: 0s
09:00:35.159665 IN Elapsed: 1.9915686s
09:00:35.159665 [91mIDE     LS <-- Clangd NOTIF $/progress[0m
09:00:35.159665 [91m                            $/progress: backgroundIndexProgress REPORT, 18/48, 37.0%[0m
09:00:35.159665 IN Elapsed: 0s
09:00:35.159665 [91mIDE     LS <-- Clangd NOTIF $/progress[0m
09:00:35.159665 [91m                            $/progress: backgroundIndexProgress REPORT, 18/48, 37.0%[0m
09:00:35.159665 [92mIDE <-- LS NOTIF $/progress[0m
09:00:35.159665 OUT Elapsed: 0s
09:00:35.259359 IN Elapsed: 99.6938ms
09:00:35.259359 [91mIDE     LS <-- Clangd NOTIF $/progress[0m
09:00:35.259359 [91m                            $/progress: backgroundIndexProgress REPORT, 19/48, 39.0%[0m
09:00:35.259359 IN Elapsed: 0s
09:00:35.259359 [91mIDE     LS <-- Clangd NOTIF $/progress[0m
09:00:35.259359 [91m                            $/progress: backgroundIndexProgress REPORT, 19/48, 39.0%[0m
09:00:35.259359 [92mIDE <-- LS NOTIF $/progress[0m
09:00:35.259359 OUT Elapsed: 0s
09:00:35.259359 [92mIDE <-- LS NOTIF $/progress[0m
09:00:35.259865 OUT Elapsed: 0s
09:00:37.280226 IN Elapsed: 2.0208677s
09:00:37.280226 [91mIDE     LS <-- Clangd NOTIF $/progress[0m
09:00:37.280226 [91m                            $/progress: backgroundIndexProgress REPORT, 20/48, 41.0%[0m
09:00:37.280226 IN Elapsed: 0s
09:00:37.280226 [91mIDE     LS <-- Clangd NOTIF $/progress[0m
09:00:37.280226 [92mIDE <-- LS NOTIF $/progress[0m
09:00:37.280226 OUT Elapsed: 0s
09:00:37.280226 [91m                            $/progress: backgroundIndexProgress REPORT, 20/48, 41.0%[0m
09:00:37.280731 [92mIDE <-- LS NOTIF $/progress[0m
09:00:37.280731 OUT Elapsed: 0s
09:00:37.547512 IN Elapsed: 266.7812ms
09:00:37.547512 [91mIDE     LS <-- Clangd NOTIF $/progress[0m
09:00:37.547512 [91m                            $/progress: backgroundIndexProgress REPORT, 21/48, 43.0%[0m
09:00:37.547512 IN Elapsed: 0s
09:00:37.547512 [91mIDE     LS <-- Clangd NOTIF $/progress[0m
09:00:37.547512 [91m                            $/progress: backgroundIndexProgress REPORT, 21/48, 43.0%[0m
09:00:37.547512 [92mIDE <-- LS NOTIF $/progress[0m
09:00:37.547512 OUT Elapsed: 0s
09:00:37.547512 [92mIDE <-- LS NOTIF $/progress[0m
09:00:37.547512 OUT Elapsed: 0s
09:00:37.814255 IN Elapsed: 266.7434ms
09:00:37.814255 [91mIDE     LS <-- Clangd NOTIF $/progress[0m
09:00:37.814255 [91m                            $/progress: backgroundIndexProgress REPORT, 22/48, 45.0%[0m
09:00:37.814255 IN Elapsed: 0s
09:00:37.814255 [91mIDE     LS <-- Clangd NOTIF $/progress[0m
09:00:37.814255 [91m                            $/progress: backgroundIndexProgress REPORT, 22/48, 45.0%[0m
09:00:37.814255 [92mIDE <-- LS NOTIF $/progress[0m
09:00:37.814255 OUT Elapsed: 0s
09:00:37.836439 IN Elapsed: 22.1834ms
09:00:37.836439 [91mIDE     LS <-- Clangd NOTIF $/progress[0m
09:00:37.836439 [91m                            $/progress: backgroundIndexProgress REPORT, 23/48, 47.0%[0m
09:00:37.836439 IN Elapsed: 0s
09:00:37.836439 [91mIDE     LS <-- Clangd NOTIF $/progress[0m
09:00:37.836439 [92mIDE <-- LS NOTIF $/progress[0m
09:00:37.836439 OUT Elapsed: 0s
09:00:37.836439 [91m                            $/progress: backgroundIndexProgress REPORT, 23/48, 47.0%[0m
09:00:37.836439 [92mIDE <-- LS NOTIF $/progress[0m
09:00:37.836439 OUT Elapsed: 0s
09:00:37.910212 IN Elapsed: 73.7736ms
09:00:37.910212 [91mIDE     LS <-- Clangd NOTIF $/progress[0m
09:00:37.910212 [91m                            $/progress: backgroundIndexProgress REPORT, 24/48, 50.0%[0m
09:00:37.910212 IN Elapsed: 0s
09:00:37.910212 [91mIDE     LS <-- Clangd NOTIF $/progress[0m
09:00:37.910212 [92mIDE <-- LS NOTIF $/progress[0m
09:00:37.910212 OUT Elapsed: 0s
09:00:37.910212 [91m                            $/progress: backgroundIndexProgress REPORT, 24/48, 50.0%[0m
09:00:37.910212 [92mIDE <-- LS NOTIF $/progress[0m
09:00:37.910212 OUT Elapsed: 0s
09:00:39.445172 IN Elapsed: 1.5349599s
09:00:39.446172 [91mIDE     LS <-- Clangd NOTIF $/progress[0m
09:00:39.446317 [91m                            $/progress: backgroundIndexProgress REPORT, 25/48, 52.0%[0m
09:00:39.446317 IN Elapsed: 0s
09:00:39.446317 [91mIDE     LS <-- Clangd NOTIF $/progress[0m
09:00:39.446823 [91m                            $/progress: backgroundIndexProgress REPORT, 25/48, 52.0%[0m
09:00:39.447162 [92mIDE <-- LS NOTIF $/progress[0m
09:00:39.448726 OUT Elapsed: 326.3µs
09:00:39.767103 IN Elapsed: 320.2798ms
09:00:39.767103 [91mIDE     LS <-- Clangd NOTIF $/progress[0m
09:00:39.767103 [91m                            $/progress: backgroundIndexProgress REPORT, 26/48, 54.0%[0m
09:00:39.767103 IN Elapsed: 0s
09:00:39.767103 [91mIDE     LS <-- Clangd NOTIF $/progress[0m
09:00:39.767103 [91m                            $/progress: backgroundIndexProgress REPORT, 26/48, 54.0%[0m
09:00:39.767613 [92mIDE <-- LS NOTIF $/progress[0m
09:00:39.767613 OUT Elapsed: 0s
09:00:40.923355 IN Elapsed: 1.1562524s
09:00:40.923355 [91mIDE     LS <-- Clangd NOTIF $/progress[0m
09:00:40.923355 [91m                            $/progress: backgroundIndexProgress REPORT, 27/48, 56.0%[0m
09:00:40.923355 IN Elapsed: 0s
09:00:40.923355 [91mIDE     LS <-- Clangd NOTIF $/progress[0m
09:00:40.923355 [92mIDE <-- LS NOTIF $/progress[0m
09:00:40.926625 OUT Elapsed: 754.7µs
09:00:40.923355 [91m                            $/progress: backgroundIndexProgress REPORT, 27/48, 56.0%[0m
09:00:40.926625 [92mIDE <-- LS NOTIF $/progress[0m
09:00:40.927133 OUT Elapsed: 0s
09:00:42.961515 IN Elapsed: 2.0348899s
09:00:42.961515 [91mIDE     LS <-- Clangd NOTIF $/progress[0m
09:00:42.961515 [91m                            $/progress: backgroundIndexProgress REPORT, 28/48, 58.0%[0m
09:00:42.961515 IN Elapsed: 0s
09:00:42.961515 [91mIDE     LS <-- Clangd NOTIF $/progress[0m
09:00:42.961515 [92mIDE <-- LS NOTIF $/progress[0m
09:00:42.961515 OUT Elapsed: 0s
09:00:42.961515 [91m                            $/progress: backgroundIndexProgress REPORT, 28/48, 58.0%[0m
09:00:42.961515 [92mIDE <-- LS NOTIF $/progress[0m
09:00:42.961515 OUT Elapsed: 0s
09:00:43.047829 IN Elapsed: 86.3144ms
09:00:43.047829 [91mIDE     LS <-- Clangd NOTIF $/progress[0m
09:00:43.047829 [91m                            $/progress: backgroundIndexProgress REPORT, 29/48, 60.0%[0m
09:00:43.047829 IN Elapsed: 0s
09:00:43.047829 [91mIDE     LS <-- Clangd NOTIF $/progress[0m
09:00:43.047829 [92mIDE <-- LS NOTIF $/progress[0m
09:00:43.047829 OUT Elapsed: 0s
09:00:43.047829 [91m                            $/progress: backgroundIndexProgress REPORT, 29/48, 60.0%[0m
09:00:43.047829 [92mIDE <-- LS NOTIF $/progress[0m
09:00:43.047829 OUT Elapsed: 0s
09:00:43.353635 IN Elapsed: 305.806ms
09:00:43.353635 [91mIDE     LS <-- Clangd NOTIF $/progress[0m
09:00:43.353635 [91m                            $/progress: backgroundIndexProgress REPORT, 30/48, 62.0%[0m
09:00:43.353635 IN Elapsed: 0s
09:00:43.353635 [91mIDE     LS <-- Clangd NOTIF $/progress[0m
09:00:43.353635 [92mIDE <-- LS NOTIF $/progress[0m
09:00:43.353635 OUT Elapsed: 0s
09:00:43.353635 [91m                            $/progress: backgroundIndexProgress REPORT, 30/48, 62.0%[0m
09:00:43.353635 [92mIDE <-- LS NOTIF $/progress[0m
09:00:43.353635 OUT Elapsed: 0s
09:00:43.963211 IN Elapsed: 609.5759ms
09:00:43.963211 [91mIDE     LS <-- Clangd NOTIF $/progress[0m
09:00:43.964295 [91m                            $/progress: backgroundIndexProgress REPORT, 31/48, 64.0%[0m
09:00:43.964295 IN Elapsed: 0s
09:00:43.964295 [92mIDE <-- LS NOTIF $/progress[0m
09:00:43.964295 OUT Elapsed: 0s
09:00:43.964295 [91mIDE     LS <-- Clangd NOTIF $/progress[0m
09:00:43.964295 [91m                            $/progress: backgroundIndexProgress REPORT, 31/48, 64.0%[0m
09:00:43.964295 [92mIDE <-- LS NOTIF $/progress[0m
09:00:43.964801 OUT Elapsed: 0s
09:00:44.163048 IN Elapsed: 198.7531ms
09:00:44.163048 [91mIDE     LS <-- Clangd NOTIF $/progress[0m
09:00:44.163048 [91m                            $/progress: backgroundIndexProgress REPORT, 32/48, 66.0%[0m
09:00:44.163048 IN Elapsed: 0s
09:00:44.163048 [91mIDE     LS <-- Clangd NOTIF $/progress[0m
09:00:44.163048 [91m                            $/progress: backgroundIndexProgress REPORT, 32/48, 66.0%[0m
09:00:44.163048 [92mIDE <-- LS NOTIF $/progress[0m
09:00:44.163048 OUT Elapsed: 0s
09:00:44.698342 IN Elapsed: 535.2937ms
09:00:44.698342 [91mIDE     LS <-- Clangd NOTIF $/progress[0m
09:00:44.698342 [91m                            $/progress: backgroundIndexProgress REPORT, 33/48, 68.0%[0m
09:00:44.698848 [92mIDE <-- LS NOTIF $/progress[0m
09:00:44.698848 IN Elapsed: 506µs
09:00:44.698848 OUT Elapsed: 0s
09:00:44.698848 [91mIDE     LS <-- Clangd NOTIF $/progress[0m
09:00:44.699027 [91m                            $/progress: backgroundIndexProgress REPORT, 33/48, 68.0%[0m
09:00:44.699027 [92mIDE <-- LS NOTIF $/progress[0m
09:00:44.699027 OUT Elapsed: 0s
09:00:44.763074 IN Elapsed: 64.0464ms
09:00:44.763074 [91mIDE     LS <-- Clangd NOTIF $/progress[0m
09:00:44.763074 [91m                            $/progress: backgroundIndexProgress REPORT, 34/48, 70.0%[0m
09:00:44.763074 IN Elapsed: 0s
09:00:44.763074 [91mIDE     LS <-- Clangd NOTIF $/progress[0m
09:00:44.763074 [92mIDE <-- LS NOTIF $/progress[0m
09:00:44.763074 OUT Elapsed: 0s
09:00:44.763074 [91m                            $/progress: backgroundIndexProgress REPORT, 34/48, 70.0%[0m
09:00:44.763074 [92mIDE <-- LS NOTIF $/progress[0m
09:00:44.763074 OUT Elapsed: 0s
09:00:44.862868 IN Elapsed: 99.7944ms
09:00:44.862868 [91mIDE     LS <-- Clangd NOTIF $/progress[0m
09:00:44.862868 [91m                            $/progress: backgroundIndexProgress REPORT, 35/48, 72.0%[0m
09:00:44.862868 IN Elapsed: 0s
09:00:44.862868 [91mIDE     LS <-- Clangd NOTIF $/progress[0m
09:00:44.862868 [92mIDE <-- LS NOTIF $/progress[0m
09:00:44.862868 OUT Elapsed: 0s
09:00:44.862868 [91m                            $/progress: backgroundIndexProgress REPORT, 35/48, 72.0%[0m
09:00:44.862868 [92mIDE <-- LS NOTIF $/progress[0m
09:00:44.862868 OUT Elapsed: 0s
09:00:47.812407 IN Elapsed: 2.9495389s
09:00:47.812407 [91mIDE     LS <-- Clangd NOTIF $/progress[0m
09:00:47.812407 [91m                            $/progress: backgroundIndexProgress REPORT, 36/48, 75.0%[0m
09:00:47.812407 IN Elapsed: 0s
09:00:47.812407 [91mIDE     LS <-- Clangd NOTIF $/progress[0m
09:00:47.812407 [92mIDE <-- LS NOTIF $/progress[0m
09:00:47.812407 OUT Elapsed: 0s
09:00:47.812407 [91m                            $/progress: backgroundIndexProgress REPORT, 36/48, 75.0%[0m
09:00:47.812407 [92mIDE <-- LS NOTIF $/progress[0m
09:00:47.812407 OUT Elapsed: 0s
09:00:47.948616 IN Elapsed: 136.2086ms
09:00:47.948616 [91mIDE     LS <-- Clangd NOTIF $/progress[0m
09:00:47.948616 [91m                            $/progress: backgroundIndexProgress REPORT, 37/48, 77.0%[0m
09:00:47.948616 IN Elapsed: 0s
09:00:47.948616 [91mIDE     LS <-- Clangd NOTIF $/progress[0m
09:00:47.948616 [91m                            $/progress: backgroundIndexProgress REPORT, 37/48, 77.0%[0m
09:00:47.948616 [92mIDE <-- LS NOTIF $/progress[0m
09:00:47.948616 OUT Elapsed: 0s
09:00:47.948616 [92mIDE <-- LS NOTIF $/progress[0m
09:00:47.948616 OUT Elapsed: 0s
09:00:48.005974 IN Elapsed: 57.3584ms
09:00:48.005974 [91mIDE     LS <-- Clangd NOTIF $/progress[0m
09:00:48.005974 [91m                            $/progress: backgroundIndexProgress REPORT, 38/48, 79.0%[0m
09:00:48.005974 IN Elapsed: 0s
09:00:48.005974 [92mIDE <-- LS NOTIF $/progress[0m
09:00:48.005974 OUT Elapsed: 0s
09:00:48.005974 [91mIDE     LS <-- Clangd NOTIF $/progress[0m
09:00:48.005974 [91m                            $/progress: backgroundIndexProgress REPORT, 38/48, 79.0%[0m
09:00:48.006485 [92mIDE <-- LS NOTIF $/progress[0m
09:00:48.006485 OUT Elapsed: 0s
09:00:48.030181 IN Elapsed: 23.6969ms
09:00:48.030245 [91mIDE     LS <-- Clangd NOTIF $/progress[0m
09:00:48.030245 [91m                            $/progress: backgroundIndexProgress REPORT, 39/48, 81.0%[0m
09:00:48.030245 IN Elapsed: 0s
09:00:48.030245 [91mIDE     LS <-- Clangd NOTIF $/progress[0m
09:00:48.030245 [92mIDE <-- LS NOTIF $/progress[0m
09:00:48.030245 OUT Elapsed: 0s
09:00:48.030245 [91m                            $/progress: backgroundIndexProgress REPORT, 39/48, 81.0%[0m
09:00:48.030245 [92mIDE <-- LS NOTIF $/progress[0m
09:00:48.030245 OUT Elapsed: 0s
09:00:48.196951 IN Elapsed: 166.7058ms
09:00:48.197564 [91mIDE     LS <-- Clangd NOTIF $/progress[0m
09:00:48.197564 [91m                            $/progress: backgroundIndexProgress REPORT, 40/48, 83.0%[0m
09:00:48.197564 IN Elapsed: 0s
09:00:48.197564 [91mIDE     LS <-- Clangd NOTIF $/progress[0m
09:00:48.197564 [91m                            $/progress: backgroundIndexProgress REPORT, 40/48, 83.0%[0m
09:00:48.197564 [92mIDE <-- LS NOTIF $/progress[0m
09:00:48.197564 OUT Elapsed: 0s
09:00:48.916801 IN Elapsed: 719.2367ms
09:00:48.916801 [91mIDE     LS <-- Clangd NOTIF $/progress[0m
09:00:48.916801 [91m                            $/progress: backgroundIndexProgress REPORT, 41/48, 85.0%[0m
09:00:48.916801 IN Elapsed: 0s
09:00:48.916801 [91mIDE     LS <-- Clangd NOTIF $/progress[0m
09:00:48.916801 [92mIDE <-- LS NOTIF $/progress[0m
09:00:48.916801 OUT Elapsed: 0s
09:00:48.916801 [91m                            $/progress: backgroundIndexProgress REPORT, 41/48, 85.0%[0m
09:00:48.916801 [92mIDE <-- LS NOTIF $/progress[0m
09:00:48.917308 OUT Elapsed: 507µs
09:00:49.071706 IN Elapsed: 154.9051ms
09:00:49.071706 [91mIDE     LS <-- Clangd NOTIF $/progress[0m
09:00:49.071706 [91m                            $/progress: backgroundIndexProgress REPORT, 42/48, 87.0%[0m
09:00:49.071706 IN Elapsed: 0s
09:00:49.071706 [91mIDE     LS <-- Clangd NOTIF $/progress[0m
09:00:49.071706 [91m                            $/progress: backgroundIndexProgress REPORT, 42/48, 87.0%[0m
09:00:49.071706 [92mIDE <-- LS NOTIF $/progress[0m
09:00:49.071706 OUT Elapsed: 0s
09:00:49.071706 [92mIDE <-- LS NOTIF $/progress[0m
09:00:49.071706 OUT Elapsed: 0s
09:00:49.087764 IN Elapsed: 16.0584ms
09:00:49.087764 [91mIDE     LS <-- Clangd NOTIF $/progress[0m
09:00:49.087764 [91m                            $/progress: backgroundIndexProgress REPORT, 43/48, 89.0%[0m
09:00:49.087764 IN Elapsed: 0s
09:00:49.087764 [91mIDE     LS <-- Clangd NOTIF $/progress[0m
09:00:49.087764 [92mIDE <-- LS NOTIF $/progress[0m
09:00:49.087764 OUT Elapsed: 0s
09:00:49.087764 [91m                            $/progress: backgroundIndexProgress REPORT, 43/48, 89.0%[0m
09:00:49.087764 [92mIDE <-- LS NOTIF $/progress[0m
09:00:49.087764 OUT Elapsed: 0s
09:00:49.337534 IN Elapsed: 249.7697ms
09:00:49.337534 [91mIDE     LS <-- Clangd NOTIF $/progress[0m
09:00:49.337534 [91m                            $/progress: backgroundIndexProgress REPORT, 44/48, 91.0%[0m
09:00:49.337534 IN Elapsed: 0s
09:00:49.337534 [91mIDE     LS <-- Clangd NOTIF $/progress[0m
09:00:49.337534 [92mIDE <-- LS NOTIF $/progress[0m
09:00:49.337534 OUT Elapsed: 0s
09:00:49.337534 [91m                            $/progress: backgroundIndexProgress REPORT, 44/48, 91.0%[0m
09:00:49.337534 [92mIDE <-- LS NOTIF $/progress[0m
09:00:49.337534 OUT Elapsed: 0s
09:00:52.177202 IN Elapsed: 2.8396685s
09:00:52.177202 [91mIDE     LS <-- Clangd NOTIF $/progress[0m
09:00:52.177202 [91m                            $/progress: backgroundIndexProgress REPORT, 45/48, 93.0%[0m
09:00:52.177202 [92mIDE <-- LS NOTIF $/progress[0m
09:00:52.177202 OUT Elapsed: 0s
09:00:52.237343 IN Elapsed: 60.1411ms
09:00:52.237343 [91mIDE     LS <-- Clangd NOTIF $/progress[0m
09:00:52.237343 [91m                            $/progress: backgroundIndexProgress REPORT, 46/48, 95.0%[0m
09:00:52.237343 [92mIDE <-- LS NOTIF $/progress[0m
09:00:52.237343 OUT Elapsed: 0s
09:00:53.370594 IN Elapsed: 1.1332508s
09:00:53.370594 [91mIDE     LS <-- Clangd NOTIF $/progress[0m
09:00:53.370594 [91m                            $/progress: backgroundIndexProgress REPORT, 47/48, 97.0%[0m
09:00:53.370594 [92mIDE <-- LS NOTIF $/progress[0m
09:00:53.370594 OUT Elapsed: 0s
09:00:54.179308 IN Elapsed: 808.714ms
09:00:54.179308 [91mIDE     LS <-- Clangd NOTIF $/progress[0m
09:00:54.179308 [91m                            $/progress: backgroundIndexProgress END [0m
09:00:54.179812 [92mIDE <-- LS NOTIF $/progress[0m
09:00:54.179812 OUT Elapsed: 0s
